The target system is: Android - 1 - aarch64
The host system is: Darwin - 21.6.0 - x86_64
Determining if the C compiler works passed with the following output:
Change Dir: /Users/fenglang/codes/aw/RawDataPluginSample/dcg/android/app/.cxx/cmake/release/arm64-v8a/CMakeFiles/CMakeTmp

Run Build Command:"/Users/fenglang/Library/Android/sdk/cmake/3.10.2.4988404/bin/ninja" "cmTC_7d112"
[1/2] Building C object CMakeFiles/cmTC_7d112.dir/testCCompiler.c.o
[2/2] Linking C executable cmTC_7d112


Detecting C compiler ABI info compiled with the following output:
Change Dir: /Users/fenglang/codes/aw/RawDataPluginSample/dcg/android/app/.cxx/cmake/release/arm64-v8a/CMakeFiles/CMakeTmp

Run Build Command:"/Users/fenglang/Library/Android/sdk/cmake/3.10.2.4988404/bin/ninja" "cmTC_71a0a"
[1/2] Building C object CMakeFiles/cmTC_71a0a.dir/CMakeCCompilerABI.c.o
[2/2] Linking C executable cmTC_71a0a
Android (6317467 based on r365631c1) clang version 9.0.8 (https://android.googlesource.com/toolchain/llvm-project e0caee08e5f09b374a27a676d04978c81fcb1928) (based on LLVM 9.0.8svn)
Target: aarch64-none-linux-android21
Thread model: posix
InstalledDir: /Users/fenglang/Library/Android/sdk/ndk/21.1.6352462/toolchains/llvm/prebuilt/darwin-x86_64/bin
Found candidate GCC installation: /Users/fenglang/Library/Android/sdk/ndk/21.1.6352462/toolchains/llvm/prebuilt/darwin-x86_64/lib/gcc/aarch64-linux-android/4.9.x
Selected GCC installation: /Users/fenglang/Library/Android/sdk/ndk/21.1.6352462/toolchains/llvm/prebuilt/darwin-x86_64/lib/gcc/aarch64-linux-android/4.9.x
Candidate multilib: .;@m64
Selected multilib: .;@m64
 "/Users/fenglang/Library/Android/sdk/ndk/21.1.6352462/toolchains/llvm/prebuilt/darwin-x86_64/lib/gcc/aarch64-linux-android/4.9.x/../../../../aarch64-linux-android/bin/ld" --sysroot=/Users/fenglang/Library/Android/sdk/ndk/21.1.6352462/toolchains/llvm/prebuilt/darwin-x86_64/sysroot -pie -z noexecstack -EL --fix-cortex-a53-843419 --warn-shared-textrel -z now -z relro -z max-page-size=4096 --hash-style=both --enable-new-dtags --eh-frame-hdr -m aarch64linux -dynamic-linker /system/bin/linker64 -o cmTC_71a0a /Users/fenglang/Library/Android/sdk/ndk/21.1.6352462/toolchains/llvm/prebuilt/darwin-x86_64/sysroot/usr/lib/aarch64-linux-android/21/crtbegin_dynamic.o -L/Users/fenglang/Library/Android/sdk/ndk/21.1.6352462/toolchains/llvm/prebuilt/darwin-x86_64/lib64/clang/9.0.8/lib/linux/aarch64 -L/Users/fenglang/Library/Android/sdk/ndk/21.1.6352462/toolchains/llvm/prebuilt/darwin-x86_64/lib/gcc/aarch64-linux-android/4.9.x -L/Users/fenglang/Library/Android/sdk/ndk/21.1.6352462/toolchains/llvm/prebuilt/darwin-x86_64/lib/gcc/aarch64-linux-android/4.9.x/../../../../aarch64-linux-android/lib/../lib64 -L/Users/fenglang/Library/Android/sdk/ndk/21.1.6352462/toolchains/llvm/prebuilt/darwin-x86_64/sysroot/usr/lib/aarch64-linux-android/21 -L/Users/fenglang/Library/Android/sdk/ndk/21.1.6352462/toolchains/llvm/prebuilt/darwin-x86_64/sysroot/usr/lib/aarch64-linux-android -L/Users/fenglang/Library/Android/sdk/ndk/21.1.6352462/toolchains/llvm/prebuilt/darwin-x86_64/lib/gcc/aarch64-linux-android/4.9.x/../../../../aarch64-linux-android/lib -L/Users/fenglang/Library/Android/sdk/ndk/21.1.6352462/toolchains/llvm/prebuilt/darwin-x86_64/sysroot/usr/lib --exclude-libs libgcc.a --exclude-libs libgcc_real.a --exclude-libs libatomic.a --build-id --fatal-warnings --no-undefined --gc-sections CMakeFiles/cmTC_71a0a.dir/CMakeCCompilerABI.c.o -lgcc -ldl -lc -lgcc -ldl /Users/fenglang/Library/Android/sdk/ndk/21.1.6352462/toolchains/llvm/prebuilt/darwin-x86_64/sysroot/usr/lib/aarch64-linux-android/21/crtend_android.o


Parsed C implicit link information from above output:
  link line regex: [^( *|.*[/\])(aarch64-linux-android-ld|CMAKE_LINK_STARTFILE-NOTFOUND|([^/\]+-)?ld|collect2)[^/\]*( |$)]
  ignore line: [Change Dir: /Users/fenglang/codes/aw/RawDataPluginSample/dcg/android/app/.cxx/cmake/release/arm64-v8a/CMakeFiles/CMakeTmp]
  ignore line: []
  ignore line: [Run Build Command:"/Users/fenglang/Library/Android/sdk/cmake/3.10.2.4988404/bin/ninja" "cmTC_71a0a"]
  ignore line: [[1/2] Building C object CMakeFiles/cmTC_71a0a.dir/CMakeCCompilerABI.c.o]
  ignore line: [[2/2] Linking C executable cmTC_71a0a]
  ignore line: [Android (6317467 based on r365631c1) clang version 9.0.8 (https://android.googlesource.com/toolchain/llvm-project e0caee08e5f09b374a27a676d04978c81fcb1928) (based on LLVM 9.0.8svn)]
  ignore line: [Target: aarch64-none-linux-android21]
  ignore line: [Thread model: posix]
  ignore line: [InstalledDir: /Users/fenglang/Library/Android/sdk/ndk/21.1.6352462/toolchains/llvm/prebuilt/darwin-x86_64/bin]
  ignore line: [Found candidate GCC installation: /Users/fenglang/Library/Android/sdk/ndk/21.1.6352462/toolchains/llvm/prebuilt/darwin-x86_64/lib/gcc/aarch64-linux-android/4.9.x]
  ignore line: [Selected GCC installation: /Users/fenglang/Library/Android/sdk/ndk/21.1.6352462/toolchains/llvm/prebuilt/darwin-x86_64/lib/gcc/aarch64-linux-android/4.9.x]
  ignore line: [Candidate multilib: .]
  ignore line: [@m64]
  ignore line: [Selected multilib: .]
  ignore line: [@m64]
  link line: [ "/Users/fenglang/Library/Android/sdk/ndk/21.1.6352462/toolchains/llvm/prebuilt/darwin-x86_64/lib/gcc/aarch64-linux-android/4.9.x/../../../../aarch64-linux-android/bin/ld" --sysroot=/Users/fenglang/Library/Android/sdk/ndk/21.1.6352462/toolchains/llvm/prebuilt/darwin-x86_64/sysroot -pie -z noexecstack -EL --fix-cortex-a53-843419 --warn-shared-textrel -z now -z relro -z max-page-size=4096 --hash-style=both --enable-new-dtags --eh-frame-hdr -m aarch64linux -dynamic-linker /system/bin/linker64 -o cmTC_71a0a /Users/fenglang/Library/Android/sdk/ndk/21.1.6352462/toolchains/llvm/prebuilt/darwin-x86_64/sysroot/usr/lib/aarch64-linux-android/21/crtbegin_dynamic.o -L/Users/fenglang/Library/Android/sdk/ndk/21.1.6352462/toolchains/llvm/prebuilt/darwin-x86_64/lib64/clang/9.0.8/lib/linux/aarch64 -L/Users/fenglang/Library/Android/sdk/ndk/21.1.6352462/toolchains/llvm/prebuilt/darwin-x86_64/lib/gcc/aarch64-linux-android/4.9.x -L/Users/fenglang/Library/Android/sdk/ndk/21.1.6352462/toolchains/llvm/prebuilt/darwin-x86_64/lib/gcc/aarch64-linux-android/4.9.x/../../../../aarch64-linux-android/lib/../lib64 -L/Users/fenglang/Library/Android/sdk/ndk/21.1.6352462/toolchains/llvm/prebuilt/darwin-x86_64/sysroot/usr/lib/aarch64-linux-android/21 -L/Users/fenglang/Library/Android/sdk/ndk/21.1.6352462/toolchains/llvm/prebuilt/darwin-x86_64/sysroot/usr/lib/aarch64-linux-android -L/Users/fenglang/Library/Android/sdk/ndk/21.1.6352462/toolchains/llvm/prebuilt/darwin-x86_64/lib/gcc/aarch64-linux-android/4.9.x/../../../../aarch64-linux-android/lib -L/Users/fenglang/Library/Android/sdk/ndk/21.1.6352462/toolchains/llvm/prebuilt/darwin-x86_64/sysroot/usr/lib --exclude-libs libgcc.a --exclude-libs libgcc_real.a --exclude-libs libatomic.a --build-id --fatal-warnings --no-undefined --gc-sections CMakeFiles/cmTC_71a0a.dir/CMakeCCompilerABI.c.o -lgcc -ldl -lc -lgcc -ldl /Users/fenglang/Library/Android/sdk/ndk/21.1.6352462/toolchains/llvm/prebuilt/darwin-x86_64/sysroot/usr/lib/aarch64-linux-android/21/crtend_android.o]
    arg [/Users/fenglang/Library/Android/sdk/ndk/21.1.6352462/toolchains/llvm/prebuilt/darwin-x86_64/lib/gcc/aarch64-linux-android/4.9.x/../../../../aarch64-linux-android/bin/ld] ==> ignore
    arg [--sysroot=/Users/fenglang/Library/Android/sdk/ndk/21.1.6352462/toolchains/llvm/prebuilt/darwin-x86_64/sysroot] ==> ignore
    arg [-pie] ==> ignore
    arg [-znoexecstack] ==> ignore
    arg [-EL] ==> ignore
    arg [--fix-cortex-a53-843419] ==> ignore
    arg [--warn-shared-textrel] ==> ignore
    arg [-znow] ==> ignore
    arg [-zrelro] ==> ignore
    arg [-zmax-page-size=4096] ==> ignore
    arg [--hash-style=both] ==> ignore
    arg [--enable-new-dtags] ==> ignore
    arg [--eh-frame-hdr] ==> ignore
    arg [-m] ==> ignore
    arg [aarch64linux] ==> ignore
    arg [-dynamic-linker] ==> ignore
    arg [/system/bin/linker64] ==> ignore
    arg [-o] ==> ignore
    arg [cmTC_71a0a] ==> ignore
    arg [/Users/fenglang/Library/Android/sdk/ndk/21.1.6352462/toolchains/llvm/prebuilt/darwin-x86_64/sysroot/usr/lib/aarch64-linux-android/21/crtbegin_dynamic.o] ==> ignore
    arg [-L/Users/fenglang/Library/Android/sdk/ndk/21.1.6352462/toolchains/llvm/prebuilt/darwin-x86_64/lib64/clang/9.0.8/lib/linux/aarch64] ==> dir [/Users/fenglang/Library/Android/sdk/ndk/21.1.6352462/toolchains/llvm/prebuilt/darwin-x86_64/lib64/clang/9.0.8/lib/linux/aarch64]
    arg [-L/Users/fenglang/Library/Android/sdk/ndk/21.1.6352462/toolchains/llvm/prebuilt/darwin-x86_64/lib/gcc/aarch64-linux-android/4.9.x] ==> dir [/Users/fenglang/Library/Android/sdk/ndk/21.1.6352462/toolchains/llvm/prebuilt/darwin-x86_64/lib/gcc/aarch64-linux-android/4.9.x]
    arg [-L/Users/fenglang/Library/Android/sdk/ndk/21.1.6352462/toolchains/llvm/prebuilt/darwin-x86_64/lib/gcc/aarch64-linux-android/4.9.x/../../../../aarch64-linux-android/lib/../lib64] ==> dir [/Users/fenglang/Library/Android/sdk/ndk/21.1.6352462/toolchains/llvm/prebuilt/darwin-x86_64/lib/gcc/aarch64-linux-android/4.9.x/../../../../aarch64-linux-android/lib/../lib64]
    arg [-L/Users/fenglang/Library/Android/sdk/ndk/21.1.6352462/toolchains/llvm/prebuilt/darwin-x86_64/sysroot/usr/lib/aarch64-linux-android/21] ==> dir [/Users/fenglang/Library/Android/sdk/ndk/21.1.6352462/toolchains/llvm/prebuilt/darwin-x86_64/sysroot/usr/lib/aarch64-linux-android/21]
    arg [-L/Users/fenglang/Library/Android/sdk/ndk/21.1.6352462/toolchains/llvm/prebuilt/darwin-x86_64/sysroot/usr/lib/aarch64-linux-android] ==> dir [/Users/fenglang/Library/Android/sdk/ndk/21.1.6352462/toolchains/llvm/prebuilt/darwin-x86_64/sysroot/usr/lib/aarch64-linux-android]
    arg [-L/Users/fenglang/Library/Android/sdk/ndk/21.1.6352462/toolchains/llvm/prebuilt/darwin-x86_64/lib/gcc/aarch64-linux-android/4.9.x/../../../../aarch64-linux-android/lib] ==> dir [/Users/fenglang/Library/Android/sdk/ndk/21.1.6352462/toolchains/llvm/prebuilt/darwin-x86_64/lib/gcc/aarch64-linux-android/4.9.x/../../../../aarch64-linux-android/lib]
    arg [-L/Users/fenglang/Library/Android/sdk/ndk/21.1.6352462/toolchains/llvm/prebuilt/darwin-x86_64/sysroot/usr/lib] ==> dir [/Users/fenglang/Library/Android/sdk/ndk/21.1.6352462/toolchains/llvm/prebuilt/darwin-x86_64/sysroot/usr/lib]
    arg [--exclude-libs] ==> ignore
    arg [libgcc.a] ==> ignore
    arg [--exclude-libs] ==> ignore
    arg [libgcc_real.a] ==> ignore
    arg [--exclude-libs] ==> ignore
    arg [libatomic.a] ==> ignore
    arg [--build-id] ==> ignore
    arg [--fatal-warnings] ==> ignore
    arg [--no-undefined] ==> ignore
    arg [--gc-sections] ==> ignore
    arg [CMakeFiles/cmTC_71a0a.dir/CMakeCCompilerABI.c.o] ==> ignore
    arg [-lgcc] ==> lib [gcc]
    arg [-ldl] ==> lib [dl]
    arg [-lc] ==> lib [c]
    arg [-lgcc] ==> lib [gcc]
    arg [-ldl] ==> lib [dl]
    arg [/Users/fenglang/Library/Android/sdk/ndk/21.1.6352462/toolchains/llvm/prebuilt/darwin-x86_64/sysroot/usr/lib/aarch64-linux-android/21/crtend_android.o] ==> ignore
  collapse library dir [/Users/fenglang/Library/Android/sdk/ndk/21.1.6352462/toolchains/llvm/prebuilt/darwin-x86_64/lib64/clang/9.0.8/lib/linux/aarch64] ==> [/Users/fenglang/Library/Android/sdk/ndk/21.1.6352462/toolchains/llvm/prebuilt/darwin-x86_64/lib64/clang/9.0.8/lib/linux/aarch64]
  collapse library dir [/Users/fenglang/Library/Android/sdk/ndk/21.1.6352462/toolchains/llvm/prebuilt/darwin-x86_64/lib/gcc/aarch64-linux-android/4.9.x] ==> [/Users/fenglang/Library/Android/sdk/ndk/21.1.6352462/toolchains/llvm/prebuilt/darwin-x86_64/lib/gcc/aarch64-linux-android/4.9.x]
  collapse library dir [/Users/fenglang/Library/Android/sdk/ndk/21.1.6352462/toolchains/llvm/prebuilt/darwin-x86_64/lib/gcc/aarch64-linux-android/4.9.x/../../../../aarch64-linux-android/lib/../lib64] ==> [/Users/fenglang/Library/Android/sdk/ndk/21.1.6352462/toolchains/llvm/prebuilt/darwin-x86_64/aarch64-linux-android/lib64]
  collapse library dir [/Users/fenglang/Library/Android/sdk/ndk/21.1.6352462/toolchains/llvm/prebuilt/darwin-x86_64/sysroot/usr/lib/aarch64-linux-android/21] ==> [/Users/fenglang/Library/Android/sdk/ndk/21.1.6352462/toolchains/llvm/prebuilt/darwin-x86_64/sysroot/usr/lib/aarch64-linux-android/21]
  collapse library dir [/Users/fenglang/Library/Android/sdk/ndk/21.1.6352462/toolchains/llvm/prebuilt/darwin-x86_64/sysroot/usr/lib/aarch64-linux-android] ==> [/Users/fenglang/Library/Android/sdk/ndk/21.1.6352462/toolchains/llvm/prebuilt/darwin-x86_64/sysroot/usr/lib/aarch64-linux-android]
  collapse library dir [/Users/fenglang/Library/Android/sdk/ndk/21.1.6352462/toolchains/llvm/prebuilt/darwin-x86_64/lib/gcc/aarch64-linux-android/4.9.x/../../../../aarch64-linux-android/lib] ==> [/Users/fenglang/Library/Android/sdk/ndk/21.1.6352462/toolchains/llvm/prebuilt/darwin-x86_64/aarch64-linux-android/lib]
  collapse library dir [/Users/fenglang/Library/Android/sdk/ndk/21.1.6352462/toolchains/llvm/prebuilt/darwin-x86_64/sysroot/usr/lib] ==> [/Users/fenglang/Library/Android/sdk/ndk/21.1.6352462/toolchains/llvm/prebuilt/darwin-x86_64/sysroot/usr/lib]
  implicit libs: [gcc;dl;c;gcc;dl]
  implicit dirs: [/Users/fenglang/Library/Android/sdk/ndk/21.1.6352462/toolchains/llvm/prebuilt/darwin-x86_64/lib64/clang/9.0.8/lib/linux/aarch64;/Users/fenglang/Library/Android/sdk/ndk/21.1.6352462/toolchains/llvm/prebuilt/darwin-x86_64/lib/gcc/aarch64-linux-android/4.9.x;/Users/fenglang/Library/Android/sdk/ndk/21.1.6352462/toolchains/llvm/prebuilt/darwin-x86_64/aarch64-linux-android/lib64;/Users/fenglang/Library/Android/sdk/ndk/21.1.6352462/toolchains/llvm/prebuilt/darwin-x86_64/sysroot/usr/lib/aarch64-linux-android/21;/Users/fenglang/Library/Android/sdk/ndk/21.1.6352462/toolchains/llvm/prebuilt/darwin-x86_64/sysroot/usr/lib/aarch64-linux-android;/Users/fenglang/Library/Android/sdk/ndk/21.1.6352462/toolchains/llvm/prebuilt/darwin-x86_64/aarch64-linux-android/lib;/Users/fenglang/Library/Android/sdk/ndk/21.1.6352462/toolchains/llvm/prebuilt/darwin-x86_64/sysroot/usr/lib]
  implicit fwks: []




Detecting C [-std=c11] compiler features compiled with the following output:
Change Dir: /Users/fenglang/codes/aw/RawDataPluginSample/dcg/android/app/.cxx/cmake/release/arm64-v8a/CMakeFiles/CMakeTmp

Run Build Command:"/Users/fenglang/Library/Android/sdk/cmake/3.10.2.4988404/bin/ninja" "cmTC_77e73"
[1/2] Building C object CMakeFiles/cmTC_77e73.dir/feature_tests.c.o
[2/2] Linking C executable cmTC_77e73


    Feature record: C_FEATURE:1c_function_prototypes
    Feature record: C_FEATURE:1c_restrict
    Feature record: C_FEATURE:1c_static_assert
    Feature record: C_FEATURE:1c_variadic_macros


Detecting C [-std=c99] compiler features compiled with the following output:
Change Dir: /Users/fenglang/codes/aw/RawDataPluginSample/dcg/android/app/.cxx/cmake/release/arm64-v8a/CMakeFiles/CMakeTmp

Run Build Command:"/Users/fenglang/Library/Android/sdk/cmake/3.10.2.4988404/bin/ninja" "cmTC_d3217"
[1/2] Building C object CMakeFiles/cmTC_d3217.dir/feature_tests.c.o
[2/2] Linking C executable cmTC_d3217


    Feature record: C_FEATURE:1c_function_prototypes
    Feature record: C_FEATURE:1c_restrict
    Feature record: C_FEATURE:0c_static_assert
    Feature record: C_FEATURE:1c_variadic_macros


Detecting C [-std=c90] compiler features compiled with the following output:
Change Dir: /Users/fenglang/codes/aw/RawDataPluginSample/dcg/android/app/.cxx/cmake/release/arm64-v8a/CMakeFiles/CMakeTmp

Run Build Command:"/Users/fenglang/Library/Android/sdk/cmake/3.10.2.4988404/bin/ninja" "cmTC_2dbe9"
[1/2] Building C object CMakeFiles/cmTC_2dbe9.dir/feature_tests.c.o
[2/2] Linking C executable cmTC_2dbe9


    Feature record: C_FEATURE:1c_function_prototypes
    Feature record: C_FEATURE:0c_restrict
    Feature record: C_FEATURE:0c_static_assert
    Feature record: C_FEATURE:0c_variadic_macros
Determining if the CXX compiler works passed with the following output:
Change Dir: /Users/fenglang/codes/aw/RawDataPluginSample/dcg/android/app/.cxx/cmake/release/arm64-v8a/CMakeFiles/CMakeTmp

Run Build Command:"/Users/fenglang/Library/Android/sdk/cmake/3.10.2.4988404/bin/ninja" "cmTC_298ec"
[1/2] Building CXX object CMakeFiles/cmTC_298ec.dir/testCXXCompiler.cxx.o
[2/2] Linking CXX executable cmTC_298ec


Detecting CXX compiler ABI info compiled with the following output:
Change Dir: /Users/fenglang/codes/aw/RawDataPluginSample/dcg/android/app/.cxx/cmake/release/arm64-v8a/CMakeFiles/CMakeTmp

Run Build Command:"/Users/fenglang/Library/Android/sdk/cmake/3.10.2.4988404/bin/ninja" "cmTC_42bcc"
[1/2] Building CXX object CMakeFiles/cmTC_42bcc.dir/CMakeCXXCompilerABI.cpp.o
[2/2] Linking CXX executable cmTC_42bcc
Android (6317467 based on r365631c1) clang version 9.0.8 (https://android.googlesource.com/toolchain/llvm-project e0caee08e5f09b374a27a676d04978c81fcb1928) (based on LLVM 9.0.8svn)
Target: aarch64-none-linux-android21
Thread model: posix
InstalledDir: /Users/fenglang/Library/Android/sdk/ndk/21.1.6352462/toolchains/llvm/prebuilt/darwin-x86_64/bin
Found candidate GCC installation: /Users/fenglang/Library/Android/sdk/ndk/21.1.6352462/toolchains/llvm/prebuilt/darwin-x86_64/lib/gcc/aarch64-linux-android/4.9.x
Selected GCC installation: /Users/fenglang/Library/Android/sdk/ndk/21.1.6352462/toolchains/llvm/prebuilt/darwin-x86_64/lib/gcc/aarch64-linux-android/4.9.x
Candidate multilib: .;@m64
Selected multilib: .;@m64
 "/Users/fenglang/Library/Android/sdk/ndk/21.1.6352462/toolchains/llvm/prebuilt/darwin-x86_64/lib/gcc/aarch64-linux-android/4.9.x/../../../../aarch64-linux-android/bin/ld" --sysroot=/Users/fenglang/Library/Android/sdk/ndk/21.1.6352462/toolchains/llvm/prebuilt/darwin-x86_64/sysroot -pie -z noexecstack -EL --fix-cortex-a53-843419 --warn-shared-textrel -z now -z relro -z max-page-size=4096 --hash-style=both --enable-new-dtags --eh-frame-hdr -m aarch64linux -dynamic-linker /system/bin/linker64 -o cmTC_42bcc /Users/fenglang/Library/Android/sdk/ndk/21.1.6352462/toolchains/llvm/prebuilt/darwin-x86_64/sysroot/usr/lib/aarch64-linux-android/21/crtbegin_dynamic.o -L/Users/fenglang/Library/Android/sdk/ndk/21.1.6352462/toolchains/llvm/prebuilt/darwin-x86_64/lib64/clang/9.0.8/lib/linux/aarch64 -L/Users/fenglang/Library/Android/sdk/ndk/21.1.6352462/toolchains/llvm/prebuilt/darwin-x86_64/lib/gcc/aarch64-linux-android/4.9.x -L/Users/fenglang/Library/Android/sdk/ndk/21.1.6352462/toolchains/llvm/prebuilt/darwin-x86_64/lib/gcc/aarch64-linux-android/4.9.x/../../../../aarch64-linux-android/lib/../lib64 -L/Users/fenglang/Library/Android/sdk/ndk/21.1.6352462/toolchains/llvm/prebuilt/darwin-x86_64/sysroot/usr/lib/aarch64-linux-android/21 -L/Users/fenglang/Library/Android/sdk/ndk/21.1.6352462/toolchains/llvm/prebuilt/darwin-x86_64/sysroot/usr/lib/aarch64-linux-android -L/Users/fenglang/Library/Android/sdk/ndk/21.1.6352462/toolchains/llvm/prebuilt/darwin-x86_64/lib/gcc/aarch64-linux-android/4.9.x/../../../../aarch64-linux-android/lib -L/Users/fenglang/Library/Android/sdk/ndk/21.1.6352462/toolchains/llvm/prebuilt/darwin-x86_64/sysroot/usr/lib --exclude-libs libgcc.a --exclude-libs libgcc_real.a --exclude-libs libatomic.a --build-id --fatal-warnings --no-undefined --gc-sections CMakeFiles/cmTC_42bcc.dir/CMakeCXXCompilerABI.cpp.o -Bstatic -lc++ -Bdynamic -lm -lgcc -ldl -lc -lgcc -ldl /Users/fenglang/Library/Android/sdk/ndk/21.1.6352462/toolchains/llvm/prebuilt/darwin-x86_64/sysroot/usr/lib/aarch64-linux-android/21/crtend_android.o


Parsed CXX implicit link information from above output:
  link line regex: [^( *|.*[/\])(aarch64-linux-android-ld|CMAKE_LINK_STARTFILE-NOTFOUND|([^/\]+-)?ld|collect2)[^/\]*( |$)]
  ignore line: [Change Dir: /Users/fenglang/codes/aw/RawDataPluginSample/dcg/android/app/.cxx/cmake/release/arm64-v8a/CMakeFiles/CMakeTmp]
  ignore line: []
  ignore line: [Run Build Command:"/Users/fenglang/Library/Android/sdk/cmake/3.10.2.4988404/bin/ninja" "cmTC_42bcc"]
  ignore line: [[1/2] Building CXX object CMakeFiles/cmTC_42bcc.dir/CMakeCXXCompilerABI.cpp.o]
  ignore line: [[2/2] Linking CXX executable cmTC_42bcc]
  ignore line: [Android (6317467 based on r365631c1) clang version 9.0.8 (https://android.googlesource.com/toolchain/llvm-project e0caee08e5f09b374a27a676d04978c81fcb1928) (based on LLVM 9.0.8svn)]
  ignore line: [Target: aarch64-none-linux-android21]
  ignore line: [Thread model: posix]
  ignore line: [InstalledDir: /Users/fenglang/Library/Android/sdk/ndk/21.1.6352462/toolchains/llvm/prebuilt/darwin-x86_64/bin]
  ignore line: [Found candidate GCC installation: /Users/fenglang/Library/Android/sdk/ndk/21.1.6352462/toolchains/llvm/prebuilt/darwin-x86_64/lib/gcc/aarch64-linux-android/4.9.x]
  ignore line: [Selected GCC installation: /Users/fenglang/Library/Android/sdk/ndk/21.1.6352462/toolchains/llvm/prebuilt/darwin-x86_64/lib/gcc/aarch64-linux-android/4.9.x]
  ignore line: [Candidate multilib: .]
  ignore line: [@m64]
  ignore line: [Selected multilib: .]
  ignore line: [@m64]
  link line: [ "/Users/fenglang/Library/Android/sdk/ndk/21.1.6352462/toolchains/llvm/prebuilt/darwin-x86_64/lib/gcc/aarch64-linux-android/4.9.x/../../../../aarch64-linux-android/bin/ld" --sysroot=/Users/fenglang/Library/Android/sdk/ndk/21.1.6352462/toolchains/llvm/prebuilt/darwin-x86_64/sysroot -pie -z noexecstack -EL --fix-cortex-a53-843419 --warn-shared-textrel -z now -z relro -z max-page-size=4096 --hash-style=both --enable-new-dtags --eh-frame-hdr -m aarch64linux -dynamic-linker /system/bin/linker64 -o cmTC_42bcc /Users/fenglang/Library/Android/sdk/ndk/21.1.6352462/toolchains/llvm/prebuilt/darwin-x86_64/sysroot/usr/lib/aarch64-linux-android/21/crtbegin_dynamic.o -L/Users/fenglang/Library/Android/sdk/ndk/21.1.6352462/toolchains/llvm/prebuilt/darwin-x86_64/lib64/clang/9.0.8/lib/linux/aarch64 -L/Users/fenglang/Library/Android/sdk/ndk/21.1.6352462/toolchains/llvm/prebuilt/darwin-x86_64/lib/gcc/aarch64-linux-android/4.9.x -L/Users/fenglang/Library/Android/sdk/ndk/21.1.6352462/toolchains/llvm/prebuilt/darwin-x86_64/lib/gcc/aarch64-linux-android/4.9.x/../../../../aarch64-linux-android/lib/../lib64 -L/Users/fenglang/Library/Android/sdk/ndk/21.1.6352462/toolchains/llvm/prebuilt/darwin-x86_64/sysroot/usr/lib/aarch64-linux-android/21 -L/Users/fenglang/Library/Android/sdk/ndk/21.1.6352462/toolchains/llvm/prebuilt/darwin-x86_64/sysroot/usr/lib/aarch64-linux-android -L/Users/fenglang/Library/Android/sdk/ndk/21.1.6352462/toolchains/llvm/prebuilt/darwin-x86_64/lib/gcc/aarch64-linux-android/4.9.x/../../../../aarch64-linux-android/lib -L/Users/fenglang/Library/Android/sdk/ndk/21.1.6352462/toolchains/llvm/prebuilt/darwin-x86_64/sysroot/usr/lib --exclude-libs libgcc.a --exclude-libs libgcc_real.a --exclude-libs libatomic.a --build-id --fatal-warnings --no-undefined --gc-sections CMakeFiles/cmTC_42bcc.dir/CMakeCXXCompilerABI.cpp.o -Bstatic -lc++ -Bdynamic -lm -lgcc -ldl -lc -lgcc -ldl /Users/fenglang/Library/Android/sdk/ndk/21.1.6352462/toolchains/llvm/prebuilt/darwin-x86_64/sysroot/usr/lib/aarch64-linux-android/21/crtend_android.o]
    arg [/Users/fenglang/Library/Android/sdk/ndk/21.1.6352462/toolchains/llvm/prebuilt/darwin-x86_64/lib/gcc/aarch64-linux-android/4.9.x/../../../../aarch64-linux-android/bin/ld] ==> ignore
    arg [--sysroot=/Users/fenglang/Library/Android/sdk/ndk/21.1.6352462/toolchains/llvm/prebuilt/darwin-x86_64/sysroot] ==> ignore
    arg [-pie] ==> ignore
    arg [-znoexecstack] ==> ignore
    arg [-EL] ==> ignore
    arg [--fix-cortex-a53-843419] ==> ignore
    arg [--warn-shared-textrel] ==> ignore
    arg [-znow] ==> ignore
    arg [-zrelro] ==> ignore
    arg [-zmax-page-size=4096] ==> ignore
    arg [--hash-style=both] ==> ignore
    arg [--enable-new-dtags] ==> ignore
    arg [--eh-frame-hdr] ==> ignore
    arg [-m] ==> ignore
    arg [aarch64linux] ==> ignore
    arg [-dynamic-linker] ==> ignore
    arg [/system/bin/linker64] ==> ignore
    arg [-o] ==> ignore
    arg [cmTC_42bcc] ==> ignore
    arg [/Users/fenglang/Library/Android/sdk/ndk/21.1.6352462/toolchains/llvm/prebuilt/darwin-x86_64/sysroot/usr/lib/aarch64-linux-android/21/crtbegin_dynamic.o] ==> ignore
    arg [-L/Users/fenglang/Library/Android/sdk/ndk/21.1.6352462/toolchains/llvm/prebuilt/darwin-x86_64/lib64/clang/9.0.8/lib/linux/aarch64] ==> dir [/Users/fenglang/Library/Android/sdk/ndk/21.1.6352462/toolchains/llvm/prebuilt/darwin-x86_64/lib64/clang/9.0.8/lib/linux/aarch64]
    arg [-L/Users/fenglang/Library/Android/sdk/ndk/21.1.6352462/toolchains/llvm/prebuilt/darwin-x86_64/lib/gcc/aarch64-linux-android/4.9.x] ==> dir [/Users/fenglang/Library/Android/sdk/ndk/21.1.6352462/toolchains/llvm/prebuilt/darwin-x86_64/lib/gcc/aarch64-linux-android/4.9.x]
    arg [-L/Users/fenglang/Library/Android/sdk/ndk/21.1.6352462/toolchains/llvm/prebuilt/darwin-x86_64/lib/gcc/aarch64-linux-android/4.9.x/../../../../aarch64-linux-android/lib/../lib64] ==> dir [/Users/fenglang/Library/Android/sdk/ndk/21.1.6352462/toolchains/llvm/prebuilt/darwin-x86_64/lib/gcc/aarch64-linux-android/4.9.x/../../../../aarch64-linux-android/lib/../lib64]
    arg [-L/Users/fenglang/Library/Android/sdk/ndk/21.1.6352462/toolchains/llvm/prebuilt/darwin-x86_64/sysroot/usr/lib/aarch64-linux-android/21] ==> dir [/Users/fenglang/Library/Android/sdk/ndk/21.1.6352462/toolchains/llvm/prebuilt/darwin-x86_64/sysroot/usr/lib/aarch64-linux-android/21]
    arg [-L/Users/fenglang/Library/Android/sdk/ndk/21.1.6352462/toolchains/llvm/prebuilt/darwin-x86_64/sysroot/usr/lib/aarch64-linux-android] ==> dir [/Users/fenglang/Library/Android/sdk/ndk/21.1.6352462/toolchains/llvm/prebuilt/darwin-x86_64/sysroot/usr/lib/aarch64-linux-android]
    arg [-L/Users/fenglang/Library/Android/sdk/ndk/21.1.6352462/toolchains/llvm/prebuilt/darwin-x86_64/lib/gcc/aarch64-linux-android/4.9.x/../../../../aarch64-linux-android/lib] ==> dir [/Users/fenglang/Library/Android/sdk/ndk/21.1.6352462/toolchains/llvm/prebuilt/darwin-x86_64/lib/gcc/aarch64-linux-android/4.9.x/../../../../aarch64-linux-android/lib]
    arg [-L/Users/fenglang/Library/Android/sdk/ndk/21.1.6352462/toolchains/llvm/prebuilt/darwin-x86_64/sysroot/usr/lib] ==> dir [/Users/fenglang/Library/Android/sdk/ndk/21.1.6352462/toolchains/llvm/prebuilt/darwin-x86_64/sysroot/usr/lib]
    arg [--exclude-libs] ==> ignore
    arg [libgcc.a] ==> ignore
    arg [--exclude-libs] ==> ignore
    arg [libgcc_real.a] ==> ignore
    arg [--exclude-libs] ==> ignore
    arg [libatomic.a] ==> ignore
    arg [--build-id] ==> ignore
    arg [--fatal-warnings] ==> ignore
    arg [--no-undefined] ==> ignore
    arg [--gc-sections] ==> ignore
    arg [CMakeFiles/cmTC_42bcc.dir/CMakeCXXCompilerABI.cpp.o] ==> ignore
    arg [-Bstatic] ==> ignore
    arg [-lc++] ==> lib [c++]
    arg [-Bdynamic] ==> ignore
    arg [-lm] ==> lib [m]
    arg [-lgcc] ==> lib [gcc]
    arg [-ldl] ==> lib [dl]
    arg [-lc] ==> lib [c]
    arg [-lgcc] ==> lib [gcc]
    arg [-ldl] ==> lib [dl]
    arg [/Users/fenglang/Library/Android/sdk/ndk/21.1.6352462/toolchains/llvm/prebuilt/darwin-x86_64/sysroot/usr/lib/aarch64-linux-android/21/crtend_android.o] ==> ignore
  collapse library dir [/Users/fenglang/Library/Android/sdk/ndk/21.1.6352462/toolchains/llvm/prebuilt/darwin-x86_64/lib64/clang/9.0.8/lib/linux/aarch64] ==> [/Users/fenglang/Library/Android/sdk/ndk/21.1.6352462/toolchains/llvm/prebuilt/darwin-x86_64/lib64/clang/9.0.8/lib/linux/aarch64]
  collapse library dir [/Users/fenglang/Library/Android/sdk/ndk/21.1.6352462/toolchains/llvm/prebuilt/darwin-x86_64/lib/gcc/aarch64-linux-android/4.9.x] ==> [/Users/fenglang/Library/Android/sdk/ndk/21.1.6352462/toolchains/llvm/prebuilt/darwin-x86_64/lib/gcc/aarch64-linux-android/4.9.x]
  collapse library dir [/Users/fenglang/Library/Android/sdk/ndk/21.1.6352462/toolchains/llvm/prebuilt/darwin-x86_64/lib/gcc/aarch64-linux-android/4.9.x/../../../../aarch64-linux-android/lib/../lib64] ==> [/Users/fenglang/Library/Android/sdk/ndk/21.1.6352462/toolchains/llvm/prebuilt/darwin-x86_64/aarch64-linux-android/lib64]
  collapse library dir [/Users/fenglang/Library/Android/sdk/ndk/21.1.6352462/toolchains/llvm/prebuilt/darwin-x86_64/sysroot/usr/lib/aarch64-linux-android/21] ==> [/Users/fenglang/Library/Android/sdk/ndk/21.1.6352462/toolchains/llvm/prebuilt/darwin-x86_64/sysroot/usr/lib/aarch64-linux-android/21]
  collapse library dir [/Users/fenglang/Library/Android/sdk/ndk/21.1.6352462/toolchains/llvm/prebuilt/darwin-x86_64/sysroot/usr/lib/aarch64-linux-android] ==> [/Users/fenglang/Library/Android/sdk/ndk/21.1.6352462/toolchains/llvm/prebuilt/darwin-x86_64/sysroot/usr/lib/aarch64-linux-android]
  collapse library dir [/Users/fenglang/Library/Android/sdk/ndk/21.1.6352462/toolchains/llvm/prebuilt/darwin-x86_64/lib/gcc/aarch64-linux-android/4.9.x/../../../../aarch64-linux-android/lib] ==> [/Users/fenglang/Library/Android/sdk/ndk/21.1.6352462/toolchains/llvm/prebuilt/darwin-x86_64/aarch64-linux-android/lib]
  collapse library dir [/Users/fenglang/Library/Android/sdk/ndk/21.1.6352462/toolchains/llvm/prebuilt/darwin-x86_64/sysroot/usr/lib] ==> [/Users/fenglang/Library/Android/sdk/ndk/21.1.6352462/toolchains/llvm/prebuilt/darwin-x86_64/sysroot/usr/lib]
  implicit libs: [c++;m;gcc;dl;c;gcc;dl]
  implicit dirs: [/Users/fenglang/Library/Android/sdk/ndk/21.1.6352462/toolchains/llvm/prebuilt/darwin-x86_64/lib64/clang/9.0.8/lib/linux/aarch64;/Users/fenglang/Library/Android/sdk/ndk/21.1.6352462/toolchains/llvm/prebuilt/darwin-x86_64/lib/gcc/aarch64-linux-android/4.9.x;/Users/fenglang/Library/Android/sdk/ndk/21.1.6352462/toolchains/llvm/prebuilt/darwin-x86_64/aarch64-linux-android/lib64;/Users/fenglang/Library/Android/sdk/ndk/21.1.6352462/toolchains/llvm/prebuilt/darwin-x86_64/sysroot/usr/lib/aarch64-linux-android/21;/Users/fenglang/Library/Android/sdk/ndk/21.1.6352462/toolchains/llvm/prebuilt/darwin-x86_64/sysroot/usr/lib/aarch64-linux-android;/Users/fenglang/Library/Android/sdk/ndk/21.1.6352462/toolchains/llvm/prebuilt/darwin-x86_64/aarch64-linux-android/lib;/Users/fenglang/Library/Android/sdk/ndk/21.1.6352462/toolchains/llvm/prebuilt/darwin-x86_64/sysroot/usr/lib]
  implicit fwks: []




Detecting CXX [-std=c++1z] compiler features compiled with the following output:
Change Dir: /Users/fenglang/codes/aw/RawDataPluginSample/dcg/android/app/.cxx/cmake/release/arm64-v8a/CMakeFiles/CMakeTmp

Run Build Command:"/Users/fenglang/Library/Android/sdk/cmake/3.10.2.4988404/bin/ninja" "cmTC_5cfa2"
[1/2] Building CXX object CMakeFiles/cmTC_5cfa2.dir/feature_tests.cxx.o
[2/2] Linking CXX executable cmTC_5cfa2


    Feature record: CXX_FEATURE:1cxx_aggregate_default_initializers
    Feature record: CXX_FEATURE:1cxx_alias_templates
    Feature record: CXX_FEATURE:1cxx_alignas
    Feature record: CXX_FEATURE:1cxx_alignof
    Feature record: CXX_FEATURE:1cxx_attributes
    Feature record: CXX_FEATURE:1cxx_attribute_deprecated
    Feature record: CXX_FEATURE:1cxx_auto_type
    Feature record: CXX_FEATURE:1cxx_binary_literals
    Feature record: CXX_FEATURE:1cxx_constexpr
    Feature record: CXX_FEATURE:1cxx_contextual_conversions
    Feature record: CXX_FEATURE:1cxx_decltype
    Feature record: CXX_FEATURE:1cxx_decltype_auto
    Feature record: CXX_FEATURE:1cxx_decltype_incomplete_return_types
    Feature record: CXX_FEATURE:1cxx_default_function_template_args
    Feature record: CXX_FEATURE:1cxx_defaulted_functions
    Feature record: CXX_FEATURE:1cxx_defaulted_move_initializers
    Feature record: CXX_FEATURE:1cxx_delegating_constructors
    Feature record: CXX_FEATURE:1cxx_deleted_functions
    Feature record: CXX_FEATURE:1cxx_digit_separators
    Feature record: CXX_FEATURE:1cxx_enum_forward_declarations
    Feature record: CXX_FEATURE:1cxx_explicit_conversions
    Feature record: CXX_FEATURE:1cxx_extended_friend_declarations
    Feature record: CXX_FEATURE:1cxx_extern_templates
    Feature record: CXX_FEATURE:1cxx_final
    Feature record: CXX_FEATURE:1cxx_func_identifier
    Feature record: CXX_FEATURE:1cxx_generalized_initializers
    Feature record: CXX_FEATURE:1cxx_generic_lambdas
    Feature record: CXX_FEATURE:1cxx_inheriting_constructors
    Feature record: CXX_FEATURE:1cxx_inline_namespaces
    Feature record: CXX_FEATURE:1cxx_lambdas
    Feature record: CXX_FEATURE:1cxx_lambda_init_captures
    Feature record: CXX_FEATURE:1cxx_local_type_template_args
    Feature record: CXX_FEATURE:1cxx_long_long_type
    Feature record: CXX_FEATURE:1cxx_noexcept
    Feature record: CXX_FEATURE:1cxx_nonstatic_member_init
    Feature record: CXX_FEATURE:1cxx_nullptr
    Feature record: CXX_FEATURE:1cxx_override
    Feature record: CXX_FEATURE:1cxx_range_for
    Feature record: CXX_FEATURE:1cxx_raw_string_literals
    Feature record: CXX_FEATURE:1cxx_reference_qualified_functions
    Feature record: CXX_FEATURE:1cxx_relaxed_constexpr
    Feature record: CXX_FEATURE:1cxx_return_type_deduction
    Feature record: CXX_FEATURE:1cxx_right_angle_brackets
    Feature record: CXX_FEATURE:1cxx_rvalue_references
    Feature record: CXX_FEATURE:1cxx_sizeof_member
    Feature record: CXX_FEATURE:1cxx_static_assert
    Feature record: CXX_FEATURE:1cxx_strong_enums
    Feature record: CXX_FEATURE:1cxx_template_template_parameters
    Feature record: CXX_FEATURE:1cxx_thread_local
    Feature record: CXX_FEATURE:1cxx_trailing_return_types
    Feature record: CXX_FEATURE:1cxx_unicode_literals
    Feature record: CXX_FEATURE:1cxx_uniform_initialization
    Feature record: CXX_FEATURE:1cxx_unrestricted_unions
    Feature record: CXX_FEATURE:1cxx_user_literals
    Feature record: CXX_FEATURE:1cxx_variable_templates
    Feature record: CXX_FEATURE:1cxx_variadic_macros
    Feature record: CXX_FEATURE:1cxx_variadic_templates


Detecting CXX [-std=c++14] compiler features compiled with the following output:
Change Dir: /Users/fenglang/codes/aw/RawDataPluginSample/dcg/android/app/.cxx/cmake/release/arm64-v8a/CMakeFiles/CMakeTmp

Run Build Command:"/Users/fenglang/Library/Android/sdk/cmake/3.10.2.4988404/bin/ninja" "cmTC_86e37"
[1/2] Building CXX object CMakeFiles/cmTC_86e37.dir/feature_tests.cxx.o
[2/2] Linking CXX executable cmTC_86e37


    Feature record: CXX_FEATURE:1cxx_aggregate_default_initializers
    Feature record: CXX_FEATURE:1cxx_alias_templates
    Feature record: CXX_FEATURE:1cxx_alignas
    Feature record: CXX_FEATURE:1cxx_alignof
    Feature record: CXX_FEATURE:1cxx_attributes
    Feature record: CXX_FEATURE:1cxx_attribute_deprecated
    Feature record: CXX_FEATURE:1cxx_auto_type
    Feature record: CXX_FEATURE:1cxx_binary_literals
    Feature record: CXX_FEATURE:1cxx_constexpr
    Feature record: CXX_FEATURE:1cxx_contextual_conversions
    Feature record: CXX_FEATURE:1cxx_decltype
    Feature record: CXX_FEATURE:1cxx_decltype_auto
    Feature record: CXX_FEATURE:1cxx_decltype_incomplete_return_types
    Feature record: CXX_FEATURE:1cxx_default_function_template_args
    Feature record: CXX_FEATURE:1cxx_defaulted_functions
    Feature record: CXX_FEATURE:1cxx_defaulted_move_initializers
    Feature record: CXX_FEATURE:1cxx_delegating_constructors
    Feature record: CXX_FEATURE:1cxx_deleted_functions
    Feature record: CXX_FEATURE:1cxx_digit_separators
    Feature record: CXX_FEATURE:1cxx_enum_forward_declarations
    Feature record: CXX_FEATURE:1cxx_explicit_conversions
    Feature record: CXX_FEATURE:1cxx_extended_friend_declarations
    Feature record: CXX_FEATURE:1cxx_extern_templates
    Feature record: CXX_FEATURE:1cxx_final
    Feature record: CXX_FEATURE:1cxx_func_identifier
    Feature record: CXX_FEATURE:1cxx_generalized_initializers
    Feature record: CXX_FEATURE:1cxx_generic_lambdas
    Feature record: CXX_FEATURE:1cxx_inheriting_constructors
    Feature record: CXX_FEATURE:1cxx_inline_namespaces
    Feature record: CXX_FEATURE:1cxx_lambdas
    Feature record: CXX_FEATURE:1cxx_lambda_init_captures
    Feature record: CXX_FEATURE:1cxx_local_type_template_args
    Feature record: CXX_FEATURE:1cxx_long_long_type
    Feature record: CXX_FEATURE:1cxx_noexcept
    Feature record: CXX_FEATURE:1cxx_nonstatic_member_init
    Feature record: CXX_FEATURE:1cxx_nullptr
    Feature record: CXX_FEATURE:1cxx_override
    Feature record: CXX_FEATURE:1cxx_range_for
    Feature record: CXX_FEATURE:1cxx_raw_string_literals
    Feature record: CXX_FEATURE:1cxx_reference_qualified_functions
    Feature record: CXX_FEATURE:1cxx_relaxed_constexpr
    Feature record: CXX_FEATURE:1cxx_return_type_deduction
    Feature record: CXX_FEATURE:1cxx_right_angle_brackets
    Feature record: CXX_FEATURE:1cxx_rvalue_references
    Feature record: CXX_FEATURE:1cxx_sizeof_member
    Feature record: CXX_FEATURE:1cxx_static_assert
    Feature record: CXX_FEATURE:1cxx_strong_enums
    Feature record: CXX_FEATURE:1cxx_template_template_parameters
    Feature record: CXX_FEATURE:1cxx_thread_local
    Feature record: CXX_FEATURE:1cxx_trailing_return_types
    Feature record: CXX_FEATURE:1cxx_unicode_literals
    Feature record: CXX_FEATURE:1cxx_uniform_initialization
    Feature record: CXX_FEATURE:1cxx_unrestricted_unions
    Feature record: CXX_FEATURE:1cxx_user_literals
    Feature record: CXX_FEATURE:1cxx_variable_templates
    Feature record: CXX_FEATURE:1cxx_variadic_macros
    Feature record: CXX_FEATURE:1cxx_variadic_templates


Detecting CXX [-std=c++11] compiler features compiled with the following output:
Change Dir: /Users/fenglang/codes/aw/RawDataPluginSample/dcg/android/app/.cxx/cmake/release/arm64-v8a/CMakeFiles/CMakeTmp

Run Build Command:"/Users/fenglang/Library/Android/sdk/cmake/3.10.2.4988404/bin/ninja" "cmTC_45eb4"
[1/2] Building CXX object CMakeFiles/cmTC_45eb4.dir/feature_tests.cxx.o
[2/2] Linking CXX executable cmTC_45eb4


    Feature record: CXX_FEATURE:1cxx_aggregate_default_initializers
    Feature record: CXX_FEATURE:1cxx_alias_templates
    Feature record: CXX_FEATURE:1cxx_alignas
    Feature record: CXX_FEATURE:1cxx_alignof
    Feature record: CXX_FEATURE:1cxx_attributes
    Feature record: CXX_FEATURE:1cxx_attribute_deprecated
    Feature record: CXX_FEATURE:1cxx_auto_type
    Feature record: CXX_FEATURE:1cxx_binary_literals
    Feature record: CXX_FEATURE:1cxx_constexpr
    Feature record: CXX_FEATURE:1cxx_contextual_conversions
    Feature record: CXX_FEATURE:1cxx_decltype
    Feature record: CXX_FEATURE:1cxx_decltype_auto
    Feature record: CXX_FEATURE:1cxx_decltype_incomplete_return_types
    Feature record: CXX_FEATURE:1cxx_default_function_template_args
    Feature record: CXX_FEATURE:1cxx_defaulted_functions
    Feature record: CXX_FEATURE:1cxx_defaulted_move_initializers
    Feature record: CXX_FEATURE:1cxx_delegating_constructors
    Feature record: CXX_FEATURE:1cxx_deleted_functions
    Feature record: CXX_FEATURE:1cxx_digit_separators
    Feature record: CXX_FEATURE:1cxx_enum_forward_declarations
    Feature record: CXX_FEATURE:1cxx_explicit_conversions
    Feature record: CXX_FEATURE:1cxx_extended_friend_declarations
    Feature record: CXX_FEATURE:1cxx_extern_templates
    Feature record: CXX_FEATURE:1cxx_final
    Feature record: CXX_FEATURE:1cxx_func_identifier
    Feature record: CXX_FEATURE:1cxx_generalized_initializers
    Feature record: CXX_FEATURE:1cxx_generic_lambdas
    Feature record: CXX_FEATURE:1cxx_inheriting_constructors
    Feature record: CXX_FEATURE:1cxx_inline_namespaces
    Feature record: CXX_FEATURE:1cxx_lambdas
    Feature record: CXX_FEATURE:1cxx_lambda_init_captures
    Feature record: CXX_FEATURE:1cxx_local_type_template_args
    Feature record: CXX_FEATURE:1cxx_long_long_type
    Feature record: CXX_FEATURE:1cxx_noexcept
    Feature record: CXX_FEATURE:1cxx_nonstatic_member_init
    Feature record: CXX_FEATURE:1cxx_nullptr
    Feature record: CXX_FEATURE:1cxx_override
    Feature record: CXX_FEATURE:1cxx_range_for
    Feature record: CXX_FEATURE:1cxx_raw_string_literals
    Feature record: CXX_FEATURE:1cxx_reference_qualified_functions
    Feature record: CXX_FEATURE:1cxx_relaxed_constexpr
    Feature record: CXX_FEATURE:1cxx_return_type_deduction
    Feature record: CXX_FEATURE:1cxx_right_angle_brackets
    Feature record: CXX_FEATURE:1cxx_rvalue_references
    Feature record: CXX_FEATURE:1cxx_sizeof_member
    Feature record: CXX_FEATURE:1cxx_static_assert
    Feature record: CXX_FEATURE:1cxx_strong_enums
    Feature record: CXX_FEATURE:1cxx_template_template_parameters
    Feature record: CXX_FEATURE:1cxx_thread_local
    Feature record: CXX_FEATURE:1cxx_trailing_return_types
    Feature record: CXX_FEATURE:1cxx_unicode_literals
    Feature record: CXX_FEATURE:1cxx_uniform_initialization
    Feature record: CXX_FEATURE:1cxx_unrestricted_unions
    Feature record: CXX_FEATURE:1cxx_user_literals
    Feature record: CXX_FEATURE:1cxx_variable_templates
    Feature record: CXX_FEATURE:1cxx_variadic_macros
    Feature record: CXX_FEATURE:1cxx_variadic_templates


Detecting CXX [-std=c++98] compiler features compiled with the following output:
Change Dir: /Users/fenglang/codes/aw/RawDataPluginSample/dcg/android/app/.cxx/cmake/release/arm64-v8a/CMakeFiles/CMakeTmp

Run Build Command:"/Users/fenglang/Library/Android/sdk/cmake/3.10.2.4988404/bin/ninja" "cmTC_ae913"
[1/2] Building CXX object CMakeFiles/cmTC_ae913.dir/feature_tests.cxx.o
[2/2] Linking CXX executable cmTC_ae913


    Feature record: CXX_FEATURE:1cxx_aggregate_default_initializers
    Feature record: CXX_FEATURE:1cxx_alias_templates
    Feature record: CXX_FEATURE:1cxx_alignas
    Feature record: CXX_FEATURE:1cxx_alignof
    Feature record: CXX_FEATURE:1cxx_attributes
    Feature record: CXX_FEATURE:1cxx_attribute_deprecated
    Feature record: CXX_FEATURE:1cxx_auto_type
    Feature record: CXX_FEATURE:1cxx_binary_literals
    Feature record: CXX_FEATURE:1cxx_constexpr
    Feature record: CXX_FEATURE:1cxx_contextual_conversions
    Feature record: CXX_FEATURE:1cxx_decltype
    Feature record: CXX_FEATURE:1cxx_decltype_auto
    Feature record: CXX_FEATURE:1cxx_decltype_incomplete_return_types
    Feature record: CXX_FEATURE:1cxx_default_function_template_args
    Feature record: CXX_FEATURE:1cxx_defaulted_functions
    Feature record: CXX_FEATURE:1cxx_defaulted_move_initializers
    Feature record: CXX_FEATURE:1cxx_delegating_constructors
    Feature record: CXX_FEATURE:1cxx_deleted_functions
    Feature record: CXX_FEATURE:1cxx_digit_separators
    Feature record: CXX_FEATURE:1cxx_enum_forward_declarations
    Feature record: CXX_FEATURE:1cxx_explicit_conversions
    Feature record: CXX_FEATURE:1cxx_extended_friend_declarations
    Feature record: CXX_FEATURE:1cxx_extern_templates
    Feature record: CXX_FEATURE:1cxx_final
    Feature record: CXX_FEATURE:1cxx_func_identifier
    Feature record: CXX_FEATURE:1cxx_generalized_initializers
    Feature record: CXX_FEATURE:1cxx_generic_lambdas
    Feature record: CXX_FEATURE:1cxx_inheriting_constructors
    Feature record: CXX_FEATURE:1cxx_inline_namespaces
    Feature record: CXX_FEATURE:1cxx_lambdas
    Feature record: CXX_FEATURE:1cxx_lambda_init_captures
    Feature record: CXX_FEATURE:1cxx_local_type_template_args
    Feature record: CXX_FEATURE:1cxx_long_long_type
    Feature record: CXX_FEATURE:1cxx_noexcept
    Feature record: CXX_FEATURE:1cxx_nonstatic_member_init
    Feature record: CXX_FEATURE:1cxx_nullptr
    Feature record: CXX_FEATURE:1cxx_override
    Feature record: CXX_FEATURE:1cxx_range_for
    Feature record: CXX_FEATURE:1cxx_raw_string_literals
    Feature record: CXX_FEATURE:1cxx_reference_qualified_functions
    Feature record: CXX_FEATURE:1cxx_relaxed_constexpr
    Feature record: CXX_FEATURE:1cxx_return_type_deduction
    Feature record: CXX_FEATURE:1cxx_right_angle_brackets
    Feature record: CXX_FEATURE:1cxx_rvalue_references
    Feature record: CXX_FEATURE:1cxx_sizeof_member
    Feature record: CXX_FEATURE:1cxx_static_assert
    Feature record: CXX_FEATURE:1cxx_strong_enums
    Feature record: CXX_FEATURE:1cxx_template_template_parameters
    Feature record: CXX_FEATURE:1cxx_thread_local
    Feature record: CXX_FEATURE:1cxx_trailing_return_types
    Feature record: CXX_FEATURE:1cxx_unicode_literals
    Feature record: CXX_FEATURE:1cxx_uniform_initialization
    Feature record: CXX_FEATURE:1cxx_unrestricted_unions
    Feature record: CXX_FEATURE:1cxx_user_literals
    Feature record: CXX_FEATURE:1cxx_variable_templates
    Feature record: CXX_FEATURE:1cxx_variadic_macros
    Feature record: CXX_FEATURE:1cxx_variadic_templates
Determining if the include file pthread.h exists passed with the following output:
Change Dir: /Users/fenglang/codes/aw/RawDataPluginSample/dcg/android/app/.cxx/cmake/release/arm64-v8a/CMakeFiles/CMakeTmp

Run Build Command:"/Users/fenglang/Library/Android/sdk/cmake/3.10.2.4988404/bin/ninja" "cmTC_1691a"
[1/2] Building C object CMakeFiles/cmTC_1691a.dir/CheckIncludeFile.c.o
[2/2] Linking C executable cmTC_1691a


Determining if the pthread_create exist passed with the following output:
Change Dir: /Users/fenglang/codes/aw/RawDataPluginSample/dcg/android/app/.cxx/cmake/release/arm64-v8a/CMakeFiles/CMakeTmp

Run Build Command:"/Users/fenglang/Library/Android/sdk/cmake/3.10.2.4988404/bin/ninja" "cmTC_8b930"
[1/2] Building C object CMakeFiles/cmTC_8b930.dir/CheckSymbolExists.c.o
[2/2] Linking C executable cmTC_8b930

File /Users/fenglang/codes/aw/RawDataPluginSample/dcg/android/app/.cxx/cmake/release/arm64-v8a/CMakeFiles/CMakeTmp/CheckSymbolExists.c:
/* */
#include <pthread.h>

int main(int argc, char** argv)
{
  (void)argv;
#ifndef pthread_create
  return ((int*)(&pthread_create))[argc];
#else
  (void)argc;
  return 0;
#endif
}

