The target system is: Android - 1 - armv7-a
The host system is: Darwin - 21.6.0 - x86_64
Determining if the C compiler works passed with the following output:
Change Dir: /Users/fenglang/codes/aw/RawDataPluginSample/dcg/android/app/.cxx/cmake/release/armeabi-v7a/CMakeFiles/CMakeTmp

Run Build Command:"/Users/fenglang/Library/Android/sdk/cmake/3.10.2.4988404/bin/ninja" "cmTC_79d1a"
[1/2] Building C object CMakeFiles/cmTC_79d1a.dir/testCCompiler.c.o
[2/2] Linking C executable cmTC_79d1a


Detecting C compiler ABI info compiled with the following output:
Change Dir: /Users/fenglang/codes/aw/RawDataPluginSample/dcg/android/app/.cxx/cmake/release/armeabi-v7a/CMakeFiles/CMakeTmp

Run Build Command:"/Users/fenglang/Library/Android/sdk/cmake/3.10.2.4988404/bin/ninja" "cmTC_2551a"
[1/2] Building C object CMakeFiles/cmTC_2551a.dir/CMakeCCompilerABI.c.o
[2/2] Linking C executable cmTC_2551a
Android (6317467 based on r365631c1) clang version 9.0.8 (https://android.googlesource.com/toolchain/llvm-project e0caee08e5f09b374a27a676d04978c81fcb1928) (based on LLVM 9.0.8svn)
Target: armv7-none-linux-android16
Thread model: posix
InstalledDir: /Users/fenglang/Library/Android/sdk/ndk/21.1.6352462/toolchains/llvm/prebuilt/darwin-x86_64/bin
Found candidate GCC installation: /Users/fenglang/Library/Android/sdk/ndk/21.1.6352462/toolchains/llvm/prebuilt/darwin-x86_64/lib/gcc/arm-linux-androideabi/4.9.x
Selected GCC installation: /Users/fenglang/Library/Android/sdk/ndk/21.1.6352462/toolchains/llvm/prebuilt/darwin-x86_64/lib/gcc/arm-linux-androideabi/4.9.x
Candidate multilib: thumb;@mthumb
Candidate multilib: armv7-a;@march=armv7-a
Candidate multilib: armv7-a/thumb;@march=armv7-a@mthumb
Candidate multilib: .;
Selected multilib: armv7-a/thumb;@march=armv7-a@mthumb
 "/Users/fenglang/Library/Android/sdk/ndk/21.1.6352462/toolchains/llvm/prebuilt/darwin-x86_64/lib/gcc/arm-linux-androideabi/4.9.x/../../../../arm-linux-androideabi/bin/ld" --sysroot=/Users/fenglang/Library/Android/sdk/ndk/21.1.6352462/toolchains/llvm/prebuilt/darwin-x86_64/sysroot -pie -z noexecstack -EL --warn-shared-textrel -z now -z relro -X --hash-style=both --enable-new-dtags --eh-frame-hdr -m armelf_linux_eabi -dynamic-linker /system/bin/linker -o cmTC_2551a /Users/fenglang/Library/Android/sdk/ndk/21.1.6352462/toolchains/llvm/prebuilt/darwin-x86_64/sysroot/usr/lib/arm-linux-androideabi/16/crtbegin_dynamic.o -L/Users/fenglang/Library/Android/sdk/ndk/21.1.6352462/toolchains/llvm/prebuilt/darwin-x86_64/lib64/clang/9.0.8/lib/linux/arm -L/Users/fenglang/Library/Android/sdk/ndk/21.1.6352462/toolchains/llvm/prebuilt/darwin-x86_64/lib/gcc/arm-linux-androideabi/4.9.x/armv7-a/thumb -L/Users/fenglang/Library/Android/sdk/ndk/21.1.6352462/toolchains/llvm/prebuilt/darwin-x86_64/lib/gcc/arm-linux-androideabi/4.9.x/../../../../arm-linux-androideabi/lib/../lib/armv7-a/thumb -L/Users/fenglang/Library/Android/sdk/ndk/21.1.6352462/toolchains/llvm/prebuilt/darwin-x86_64/sysroot/usr/lib/arm-linux-androideabi/16 -L/Users/fenglang/Library/Android/sdk/ndk/21.1.6352462/toolchains/llvm/prebuilt/darwin-x86_64/sysroot/usr/lib/arm-linux-androideabi -L/Users/fenglang/Library/Android/sdk/ndk/21.1.6352462/toolchains/llvm/prebuilt/darwin-x86_64/sysroot/usr/lib/../lib -L/Users/fenglang/Library/Android/sdk/ndk/21.1.6352462/toolchains/llvm/prebuilt/darwin-x86_64/sysroot/usr/lib/arm-linux-androideabi/../../lib -L/Users/fenglang/Library/Android/sdk/ndk/21.1.6352462/toolchains/llvm/prebuilt/darwin-x86_64/lib/gcc/arm-linux-androideabi/4.9.x/../../../../arm-linux-androideabi/lib/armv7-a/thumb -L/Users/fenglang/Library/Android/sdk/ndk/21.1.6352462/toolchains/llvm/prebuilt/darwin-x86_64/sysroot/usr/lib --exclude-libs libgcc.a --exclude-libs libgcc_real.a --exclude-libs libatomic.a --build-id --fatal-warnings --exclude-libs libunwind.a --no-undefined --gc-sections CMakeFiles/cmTC_2551a.dir/CMakeCCompilerABI.c.o -lgcc -ldl -lc -lgcc -ldl /Users/fenglang/Library/Android/sdk/ndk/21.1.6352462/toolchains/llvm/prebuilt/darwin-x86_64/sysroot/usr/lib/arm-linux-androideabi/16/crtend_android.o


Parsed C implicit link information from above output:
  link line regex: [^( *|.*[/\])(arm-linux-androideabi-ld|CMAKE_LINK_STARTFILE-NOTFOUND|([^/\]+-)?ld|collect2)[^/\]*( |$)]
  ignore line: [Change Dir: /Users/fenglang/codes/aw/RawDataPluginSample/dcg/android/app/.cxx/cmake/release/armeabi-v7a/CMakeFiles/CMakeTmp]
  ignore line: []
  ignore line: [Run Build Command:"/Users/fenglang/Library/Android/sdk/cmake/3.10.2.4988404/bin/ninja" "cmTC_2551a"]
  ignore line: [[1/2] Building C object CMakeFiles/cmTC_2551a.dir/CMakeCCompilerABI.c.o]
  ignore line: [[2/2] Linking C executable cmTC_2551a]
  ignore line: [Android (6317467 based on r365631c1) clang version 9.0.8 (https://android.googlesource.com/toolchain/llvm-project e0caee08e5f09b374a27a676d04978c81fcb1928) (based on LLVM 9.0.8svn)]
  ignore line: [Target: armv7-none-linux-android16]
  ignore line: [Thread model: posix]
  ignore line: [InstalledDir: /Users/fenglang/Library/Android/sdk/ndk/21.1.6352462/toolchains/llvm/prebuilt/darwin-x86_64/bin]
  ignore line: [Found candidate GCC installation: /Users/fenglang/Library/Android/sdk/ndk/21.1.6352462/toolchains/llvm/prebuilt/darwin-x86_64/lib/gcc/arm-linux-androideabi/4.9.x]
  ignore line: [Selected GCC installation: /Users/fenglang/Library/Android/sdk/ndk/21.1.6352462/toolchains/llvm/prebuilt/darwin-x86_64/lib/gcc/arm-linux-androideabi/4.9.x]
  ignore line: [Candidate multilib: thumb]
  ignore line: [@mthumb]
  ignore line: [Candidate multilib: armv7-a]
  ignore line: [@march=armv7-a]
  ignore line: [Candidate multilib: armv7-a/thumb]
  ignore line: [@march=armv7-a@mthumb]
  ignore line: [Candidate multilib: .]
  ignore line: []
  ignore line: [Selected multilib: armv7-a/thumb]
  ignore line: [@march=armv7-a@mthumb]
  link line: [ "/Users/fenglang/Library/Android/sdk/ndk/21.1.6352462/toolchains/llvm/prebuilt/darwin-x86_64/lib/gcc/arm-linux-androideabi/4.9.x/../../../../arm-linux-androideabi/bin/ld" --sysroot=/Users/fenglang/Library/Android/sdk/ndk/21.1.6352462/toolchains/llvm/prebuilt/darwin-x86_64/sysroot -pie -z noexecstack -EL --warn-shared-textrel -z now -z relro -X --hash-style=both --enable-new-dtags --eh-frame-hdr -m armelf_linux_eabi -dynamic-linker /system/bin/linker -o cmTC_2551a /Users/fenglang/Library/Android/sdk/ndk/21.1.6352462/toolchains/llvm/prebuilt/darwin-x86_64/sysroot/usr/lib/arm-linux-androideabi/16/crtbegin_dynamic.o -L/Users/fenglang/Library/Android/sdk/ndk/21.1.6352462/toolchains/llvm/prebuilt/darwin-x86_64/lib64/clang/9.0.8/lib/linux/arm -L/Users/fenglang/Library/Android/sdk/ndk/21.1.6352462/toolchains/llvm/prebuilt/darwin-x86_64/lib/gcc/arm-linux-androideabi/4.9.x/armv7-a/thumb -L/Users/fenglang/Library/Android/sdk/ndk/21.1.6352462/toolchains/llvm/prebuilt/darwin-x86_64/lib/gcc/arm-linux-androideabi/4.9.x/../../../../arm-linux-androideabi/lib/../lib/armv7-a/thumb -L/Users/fenglang/Library/Android/sdk/ndk/21.1.6352462/toolchains/llvm/prebuilt/darwin-x86_64/sysroot/usr/lib/arm-linux-androideabi/16 -L/Users/fenglang/Library/Android/sdk/ndk/21.1.6352462/toolchains/llvm/prebuilt/darwin-x86_64/sysroot/usr/lib/arm-linux-androideabi -L/Users/fenglang/Library/Android/sdk/ndk/21.1.6352462/toolchains/llvm/prebuilt/darwin-x86_64/sysroot/usr/lib/../lib -L/Users/fenglang/Library/Android/sdk/ndk/21.1.6352462/toolchains/llvm/prebuilt/darwin-x86_64/sysroot/usr/lib/arm-linux-androideabi/../../lib -L/Users/fenglang/Library/Android/sdk/ndk/21.1.6352462/toolchains/llvm/prebuilt/darwin-x86_64/lib/gcc/arm-linux-androideabi/4.9.x/../../../../arm-linux-androideabi/lib/armv7-a/thumb -L/Users/fenglang/Library/Android/sdk/ndk/21.1.6352462/toolchains/llvm/prebuilt/darwin-x86_64/sysroot/usr/lib --exclude-libs libgcc.a --exclude-libs libgcc_real.a --exclude-libs libatomic.a --build-id --fatal-warnings --exclude-libs libunwind.a --no-undefined --gc-sections CMakeFiles/cmTC_2551a.dir/CMakeCCompilerABI.c.o -lgcc -ldl -lc -lgcc -ldl /Users/fenglang/Library/Android/sdk/ndk/21.1.6352462/toolchains/llvm/prebuilt/darwin-x86_64/sysroot/usr/lib/arm-linux-androideabi/16/crtend_android.o]
    arg [/Users/fenglang/Library/Android/sdk/ndk/21.1.6352462/toolchains/llvm/prebuilt/darwin-x86_64/lib/gcc/arm-linux-androideabi/4.9.x/../../../../arm-linux-androideabi/bin/ld] ==> ignore
    arg [--sysroot=/Users/fenglang/Library/Android/sdk/ndk/21.1.6352462/toolchains/llvm/prebuilt/darwin-x86_64/sysroot] ==> ignore
    arg [-pie] ==> ignore
    arg [-znoexecstack] ==> ignore
    arg [-EL] ==> ignore
    arg [--warn-shared-textrel] ==> ignore
    arg [-znow] ==> ignore
    arg [-zrelro] ==> ignore
    arg [-X] ==> ignore
    arg [--hash-style=both] ==> ignore
    arg [--enable-new-dtags] ==> ignore
    arg [--eh-frame-hdr] ==> ignore
    arg [-m] ==> ignore
    arg [armelf_linux_eabi] ==> ignore
    arg [-dynamic-linker] ==> ignore
    arg [/system/bin/linker] ==> ignore
    arg [-o] ==> ignore
    arg [cmTC_2551a] ==> ignore
    arg [/Users/fenglang/Library/Android/sdk/ndk/21.1.6352462/toolchains/llvm/prebuilt/darwin-x86_64/sysroot/usr/lib/arm-linux-androideabi/16/crtbegin_dynamic.o] ==> ignore
    arg [-L/Users/fenglang/Library/Android/sdk/ndk/21.1.6352462/toolchains/llvm/prebuilt/darwin-x86_64/lib64/clang/9.0.8/lib/linux/arm] ==> dir [/Users/fenglang/Library/Android/sdk/ndk/21.1.6352462/toolchains/llvm/prebuilt/darwin-x86_64/lib64/clang/9.0.8/lib/linux/arm]
    arg [-L/Users/fenglang/Library/Android/sdk/ndk/21.1.6352462/toolchains/llvm/prebuilt/darwin-x86_64/lib/gcc/arm-linux-androideabi/4.9.x/armv7-a/thumb] ==> dir [/Users/fenglang/Library/Android/sdk/ndk/21.1.6352462/toolchains/llvm/prebuilt/darwin-x86_64/lib/gcc/arm-linux-androideabi/4.9.x/armv7-a/thumb]
    arg [-L/Users/fenglang/Library/Android/sdk/ndk/21.1.6352462/toolchains/llvm/prebuilt/darwin-x86_64/lib/gcc/arm-linux-androideabi/4.9.x/../../../../arm-linux-androideabi/lib/../lib/armv7-a/thumb] ==> dir [/Users/fenglang/Library/Android/sdk/ndk/21.1.6352462/toolchains/llvm/prebuilt/darwin-x86_64/lib/gcc/arm-linux-androideabi/4.9.x/../../../../arm-linux-androideabi/lib/../lib/armv7-a/thumb]
    arg [-L/Users/fenglang/Library/Android/sdk/ndk/21.1.6352462/toolchains/llvm/prebuilt/darwin-x86_64/sysroot/usr/lib/arm-linux-androideabi/16] ==> dir [/Users/fenglang/Library/Android/sdk/ndk/21.1.6352462/toolchains/llvm/prebuilt/darwin-x86_64/sysroot/usr/lib/arm-linux-androideabi/16]
    arg [-L/Users/fenglang/Library/Android/sdk/ndk/21.1.6352462/toolchains/llvm/prebuilt/darwin-x86_64/sysroot/usr/lib/arm-linux-androideabi] ==> dir [/Users/fenglang/Library/Android/sdk/ndk/21.1.6352462/toolchains/llvm/prebuilt/darwin-x86_64/sysroot/usr/lib/arm-linux-androideabi]
    arg [-L/Users/fenglang/Library/Android/sdk/ndk/21.1.6352462/toolchains/llvm/prebuilt/darwin-x86_64/sysroot/usr/lib/../lib] ==> dir [/Users/fenglang/Library/Android/sdk/ndk/21.1.6352462/toolchains/llvm/prebuilt/darwin-x86_64/sysroot/usr/lib/../lib]
    arg [-L/Users/fenglang/Library/Android/sdk/ndk/21.1.6352462/toolchains/llvm/prebuilt/darwin-x86_64/sysroot/usr/lib/arm-linux-androideabi/../../lib] ==> dir [/Users/fenglang/Library/Android/sdk/ndk/21.1.6352462/toolchains/llvm/prebuilt/darwin-x86_64/sysroot/usr/lib/arm-linux-androideabi/../../lib]
    arg [-L/Users/fenglang/Library/Android/sdk/ndk/21.1.6352462/toolchains/llvm/prebuilt/darwin-x86_64/lib/gcc/arm-linux-androideabi/4.9.x/../../../../arm-linux-androideabi/lib/armv7-a/thumb] ==> dir [/Users/fenglang/Library/Android/sdk/ndk/21.1.6352462/toolchains/llvm/prebuilt/darwin-x86_64/lib/gcc/arm-linux-androideabi/4.9.x/../../../../arm-linux-androideabi/lib/armv7-a/thumb]
    arg [-L/Users/fenglang/Library/Android/sdk/ndk/21.1.6352462/toolchains/llvm/prebuilt/darwin-x86_64/sysroot/usr/lib] ==> dir [/Users/fenglang/Library/Android/sdk/ndk/21.1.6352462/toolchains/llvm/prebuilt/darwin-x86_64/sysroot/usr/lib]
    arg [--exclude-libs] ==> ignore
    arg [libgcc.a] ==> ignore
    arg [--exclude-libs] ==> ignore
    arg [libgcc_real.a] ==> ignore
    arg [--exclude-libs] ==> ignore
    arg [libatomic.a] ==> ignore
    arg [--build-id] ==> ignore
    arg [--fatal-warnings] ==> ignore
    arg [--exclude-libs] ==> ignore
    arg [libunwind.a] ==> ignore
    arg [--no-undefined] ==> ignore
    arg [--gc-sections] ==> ignore
    arg [CMakeFiles/cmTC_2551a.dir/CMakeCCompilerABI.c.o] ==> ignore
    arg [-lgcc] ==> lib [gcc]
    arg [-ldl] ==> lib [dl]
    arg [-lc] ==> lib [c]
    arg [-lgcc] ==> lib [gcc]
    arg [-ldl] ==> lib [dl]
    arg [/Users/fenglang/Library/Android/sdk/ndk/21.1.6352462/toolchains/llvm/prebuilt/darwin-x86_64/sysroot/usr/lib/arm-linux-androideabi/16/crtend_android.o] ==> ignore
  collapse library dir [/Users/fenglang/Library/Android/sdk/ndk/21.1.6352462/toolchains/llvm/prebuilt/darwin-x86_64/lib64/clang/9.0.8/lib/linux/arm] ==> [/Users/fenglang/Library/Android/sdk/ndk/21.1.6352462/toolchains/llvm/prebuilt/darwin-x86_64/lib64/clang/9.0.8/lib/linux/arm]
  collapse library dir [/Users/fenglang/Library/Android/sdk/ndk/21.1.6352462/toolchains/llvm/prebuilt/darwin-x86_64/lib/gcc/arm-linux-androideabi/4.9.x/armv7-a/thumb] ==> [/Users/fenglang/Library/Android/sdk/ndk/21.1.6352462/toolchains/llvm/prebuilt/darwin-x86_64/lib/gcc/arm-linux-androideabi/4.9.x/armv7-a/thumb]
  collapse library dir [/Users/fenglang/Library/Android/sdk/ndk/21.1.6352462/toolchains/llvm/prebuilt/darwin-x86_64/lib/gcc/arm-linux-androideabi/4.9.x/../../../../arm-linux-androideabi/lib/../lib/armv7-a/thumb] ==> [/Users/fenglang/Library/Android/sdk/ndk/21.1.6352462/toolchains/llvm/prebuilt/darwin-x86_64/arm-linux-androideabi/lib/armv7-a/thumb]
  collapse library dir [/Users/fenglang/Library/Android/sdk/ndk/21.1.6352462/toolchains/llvm/prebuilt/darwin-x86_64/sysroot/usr/lib/arm-linux-androideabi/16] ==> [/Users/fenglang/Library/Android/sdk/ndk/21.1.6352462/toolchains/llvm/prebuilt/darwin-x86_64/sysroot/usr/lib/arm-linux-androideabi/16]
  collapse library dir [/Users/fenglang/Library/Android/sdk/ndk/21.1.6352462/toolchains/llvm/prebuilt/darwin-x86_64/sysroot/usr/lib/arm-linux-androideabi] ==> [/Users/fenglang/Library/Android/sdk/ndk/21.1.6352462/toolchains/llvm/prebuilt/darwin-x86_64/sysroot/usr/lib/arm-linux-androideabi]
  collapse library dir [/Users/fenglang/Library/Android/sdk/ndk/21.1.6352462/toolchains/llvm/prebuilt/darwin-x86_64/sysroot/usr/lib/../lib] ==> [/Users/fenglang/Library/Android/sdk/ndk/21.1.6352462/toolchains/llvm/prebuilt/darwin-x86_64/sysroot/usr/lib]
  collapse library dir [/Users/fenglang/Library/Android/sdk/ndk/21.1.6352462/toolchains/llvm/prebuilt/darwin-x86_64/sysroot/usr/lib/arm-linux-androideabi/../../lib] ==> [/Users/fenglang/Library/Android/sdk/ndk/21.1.6352462/toolchains/llvm/prebuilt/darwin-x86_64/sysroot/usr/lib]
  collapse library dir [/Users/fenglang/Library/Android/sdk/ndk/21.1.6352462/toolchains/llvm/prebuilt/darwin-x86_64/lib/gcc/arm-linux-androideabi/4.9.x/../../../../arm-linux-androideabi/lib/armv7-a/thumb] ==> [/Users/fenglang/Library/Android/sdk/ndk/21.1.6352462/toolchains/llvm/prebuilt/darwin-x86_64/arm-linux-androideabi/lib/armv7-a/thumb]
  collapse library dir [/Users/fenglang/Library/Android/sdk/ndk/21.1.6352462/toolchains/llvm/prebuilt/darwin-x86_64/sysroot/usr/lib] ==> [/Users/fenglang/Library/Android/sdk/ndk/21.1.6352462/toolchains/llvm/prebuilt/darwin-x86_64/sysroot/usr/lib]
  implicit libs: [gcc;dl;c;gcc;dl]
  implicit dirs: [/Users/fenglang/Library/Android/sdk/ndk/21.1.6352462/toolchains/llvm/prebuilt/darwin-x86_64/lib64/clang/9.0.8/lib/linux/arm;/Users/fenglang/Library/Android/sdk/ndk/21.1.6352462/toolchains/llvm/prebuilt/darwin-x86_64/lib/gcc/arm-linux-androideabi/4.9.x/armv7-a/thumb;/Users/fenglang/Library/Android/sdk/ndk/21.1.6352462/toolchains/llvm/prebuilt/darwin-x86_64/arm-linux-androideabi/lib/armv7-a/thumb;/Users/fenglang/Library/Android/sdk/ndk/21.1.6352462/toolchains/llvm/prebuilt/darwin-x86_64/sysroot/usr/lib/arm-linux-androideabi/16;/Users/fenglang/Library/Android/sdk/ndk/21.1.6352462/toolchains/llvm/prebuilt/darwin-x86_64/sysroot/usr/lib/arm-linux-androideabi;/Users/fenglang/Library/Android/sdk/ndk/21.1.6352462/toolchains/llvm/prebuilt/darwin-x86_64/sysroot/usr/lib]
  implicit fwks: []




Detecting C [-std=c11] compiler features compiled with the following output:
Change Dir: /Users/fenglang/codes/aw/RawDataPluginSample/dcg/android/app/.cxx/cmake/release/armeabi-v7a/CMakeFiles/CMakeTmp

Run Build Command:"/Users/fenglang/Library/Android/sdk/cmake/3.10.2.4988404/bin/ninja" "cmTC_7b022"
[1/2] Building C object CMakeFiles/cmTC_7b022.dir/feature_tests.c.o
[2/2] Linking C executable cmTC_7b022


    Feature record: C_FEATURE:1c_function_prototypes
    Feature record: C_FEATURE:1c_restrict
    Feature record: C_FEATURE:1c_static_assert
    Feature record: C_FEATURE:1c_variadic_macros


Detecting C [-std=c99] compiler features compiled with the following output:
Change Dir: /Users/fenglang/codes/aw/RawDataPluginSample/dcg/android/app/.cxx/cmake/release/armeabi-v7a/CMakeFiles/CMakeTmp

Run Build Command:"/Users/fenglang/Library/Android/sdk/cmake/3.10.2.4988404/bin/ninja" "cmTC_6199f"
[1/2] Building C object CMakeFiles/cmTC_6199f.dir/feature_tests.c.o
[2/2] Linking C executable cmTC_6199f


    Feature record: C_FEATURE:1c_function_prototypes
    Feature record: C_FEATURE:1c_restrict
    Feature record: C_FEATURE:0c_static_assert
    Feature record: C_FEATURE:1c_variadic_macros


Detecting C [-std=c90] compiler features compiled with the following output:
Change Dir: /Users/fenglang/codes/aw/RawDataPluginSample/dcg/android/app/.cxx/cmake/release/armeabi-v7a/CMakeFiles/CMakeTmp

Run Build Command:"/Users/fenglang/Library/Android/sdk/cmake/3.10.2.4988404/bin/ninja" "cmTC_19b3c"
[1/2] Building C object CMakeFiles/cmTC_19b3c.dir/feature_tests.c.o
[2/2] Linking C executable cmTC_19b3c


    Feature record: C_FEATURE:1c_function_prototypes
    Feature record: C_FEATURE:0c_restrict
    Feature record: C_FEATURE:0c_static_assert
    Feature record: C_FEATURE:0c_variadic_macros
Determining if the CXX compiler works passed with the following output:
Change Dir: /Users/fenglang/codes/aw/RawDataPluginSample/dcg/android/app/.cxx/cmake/release/armeabi-v7a/CMakeFiles/CMakeTmp

Run Build Command:"/Users/fenglang/Library/Android/sdk/cmake/3.10.2.4988404/bin/ninja" "cmTC_f8079"
[1/2] Building CXX object CMakeFiles/cmTC_f8079.dir/testCXXCompiler.cxx.o
[2/2] Linking CXX executable cmTC_f8079


Detecting CXX compiler ABI info compiled with the following output:
Change Dir: /Users/fenglang/codes/aw/RawDataPluginSample/dcg/android/app/.cxx/cmake/release/armeabi-v7a/CMakeFiles/CMakeTmp

Run Build Command:"/Users/fenglang/Library/Android/sdk/cmake/3.10.2.4988404/bin/ninja" "cmTC_da490"
[1/2] Building CXX object CMakeFiles/cmTC_da490.dir/CMakeCXXCompilerABI.cpp.o
[2/2] Linking CXX executable cmTC_da490
Android (6317467 based on r365631c1) clang version 9.0.8 (https://android.googlesource.com/toolchain/llvm-project e0caee08e5f09b374a27a676d04978c81fcb1928) (based on LLVM 9.0.8svn)
Target: armv7-none-linux-android16
Thread model: posix
InstalledDir: /Users/fenglang/Library/Android/sdk/ndk/21.1.6352462/toolchains/llvm/prebuilt/darwin-x86_64/bin
Found candidate GCC installation: /Users/fenglang/Library/Android/sdk/ndk/21.1.6352462/toolchains/llvm/prebuilt/darwin-x86_64/lib/gcc/arm-linux-androideabi/4.9.x
Selected GCC installation: /Users/fenglang/Library/Android/sdk/ndk/21.1.6352462/toolchains/llvm/prebuilt/darwin-x86_64/lib/gcc/arm-linux-androideabi/4.9.x
Candidate multilib: thumb;@mthumb
Candidate multilib: armv7-a;@march=armv7-a
Candidate multilib: armv7-a/thumb;@march=armv7-a@mthumb
Candidate multilib: .;
Selected multilib: armv7-a/thumb;@march=armv7-a@mthumb
 "/Users/fenglang/Library/Android/sdk/ndk/21.1.6352462/toolchains/llvm/prebuilt/darwin-x86_64/lib/gcc/arm-linux-androideabi/4.9.x/../../../../arm-linux-androideabi/bin/ld" --sysroot=/Users/fenglang/Library/Android/sdk/ndk/21.1.6352462/toolchains/llvm/prebuilt/darwin-x86_64/sysroot -pie -z noexecstack -EL --warn-shared-textrel -z now -z relro -X --hash-style=both --enable-new-dtags --eh-frame-hdr -m armelf_linux_eabi -dynamic-linker /system/bin/linker -o cmTC_da490 /Users/fenglang/Library/Android/sdk/ndk/21.1.6352462/toolchains/llvm/prebuilt/darwin-x86_64/sysroot/usr/lib/arm-linux-androideabi/16/crtbegin_dynamic.o -L/Users/fenglang/Library/Android/sdk/ndk/21.1.6352462/toolchains/llvm/prebuilt/darwin-x86_64/lib64/clang/9.0.8/lib/linux/arm -L/Users/fenglang/Library/Android/sdk/ndk/21.1.6352462/toolchains/llvm/prebuilt/darwin-x86_64/lib/gcc/arm-linux-androideabi/4.9.x/armv7-a/thumb -L/Users/fenglang/Library/Android/sdk/ndk/21.1.6352462/toolchains/llvm/prebuilt/darwin-x86_64/lib/gcc/arm-linux-androideabi/4.9.x/../../../../arm-linux-androideabi/lib/../lib/armv7-a/thumb -L/Users/fenglang/Library/Android/sdk/ndk/21.1.6352462/toolchains/llvm/prebuilt/darwin-x86_64/sysroot/usr/lib/arm-linux-androideabi/16 -L/Users/fenglang/Library/Android/sdk/ndk/21.1.6352462/toolchains/llvm/prebuilt/darwin-x86_64/sysroot/usr/lib/arm-linux-androideabi -L/Users/fenglang/Library/Android/sdk/ndk/21.1.6352462/toolchains/llvm/prebuilt/darwin-x86_64/sysroot/usr/lib/../lib -L/Users/fenglang/Library/Android/sdk/ndk/21.1.6352462/toolchains/llvm/prebuilt/darwin-x86_64/sysroot/usr/lib/arm-linux-androideabi/../../lib -L/Users/fenglang/Library/Android/sdk/ndk/21.1.6352462/toolchains/llvm/prebuilt/darwin-x86_64/lib/gcc/arm-linux-androideabi/4.9.x/../../../../arm-linux-androideabi/lib/armv7-a/thumb -L/Users/fenglang/Library/Android/sdk/ndk/21.1.6352462/toolchains/llvm/prebuilt/darwin-x86_64/sysroot/usr/lib --exclude-libs libgcc.a --exclude-libs libgcc_real.a --exclude-libs libatomic.a --build-id --fatal-warnings --exclude-libs libunwind.a --no-undefined --gc-sections CMakeFiles/cmTC_da490.dir/CMakeCXXCompilerABI.cpp.o -Bstatic -lc++ -Bdynamic -lm -lgcc -ldl -lc -lgcc -ldl /Users/fenglang/Library/Android/sdk/ndk/21.1.6352462/toolchains/llvm/prebuilt/darwin-x86_64/sysroot/usr/lib/arm-linux-androideabi/16/crtend_android.o


Parsed CXX implicit link information from above output:
  link line regex: [^( *|.*[/\])(arm-linux-androideabi-ld|CMAKE_LINK_STARTFILE-NOTFOUND|([^/\]+-)?ld|collect2)[^/\]*( |$)]
  ignore line: [Change Dir: /Users/fenglang/codes/aw/RawDataPluginSample/dcg/android/app/.cxx/cmake/release/armeabi-v7a/CMakeFiles/CMakeTmp]
  ignore line: []
  ignore line: [Run Build Command:"/Users/fenglang/Library/Android/sdk/cmake/3.10.2.4988404/bin/ninja" "cmTC_da490"]
  ignore line: [[1/2] Building CXX object CMakeFiles/cmTC_da490.dir/CMakeCXXCompilerABI.cpp.o]
  ignore line: [[2/2] Linking CXX executable cmTC_da490]
  ignore line: [Android (6317467 based on r365631c1) clang version 9.0.8 (https://android.googlesource.com/toolchain/llvm-project e0caee08e5f09b374a27a676d04978c81fcb1928) (based on LLVM 9.0.8svn)]
  ignore line: [Target: armv7-none-linux-android16]
  ignore line: [Thread model: posix]
  ignore line: [InstalledDir: /Users/fenglang/Library/Android/sdk/ndk/21.1.6352462/toolchains/llvm/prebuilt/darwin-x86_64/bin]
  ignore line: [Found candidate GCC installation: /Users/fenglang/Library/Android/sdk/ndk/21.1.6352462/toolchains/llvm/prebuilt/darwin-x86_64/lib/gcc/arm-linux-androideabi/4.9.x]
  ignore line: [Selected GCC installation: /Users/fenglang/Library/Android/sdk/ndk/21.1.6352462/toolchains/llvm/prebuilt/darwin-x86_64/lib/gcc/arm-linux-androideabi/4.9.x]
  ignore line: [Candidate multilib: thumb]
  ignore line: [@mthumb]
  ignore line: [Candidate multilib: armv7-a]
  ignore line: [@march=armv7-a]
  ignore line: [Candidate multilib: armv7-a/thumb]
  ignore line: [@march=armv7-a@mthumb]
  ignore line: [Candidate multilib: .]
  ignore line: []
  ignore line: [Selected multilib: armv7-a/thumb]
  ignore line: [@march=armv7-a@mthumb]
  link line: [ "/Users/fenglang/Library/Android/sdk/ndk/21.1.6352462/toolchains/llvm/prebuilt/darwin-x86_64/lib/gcc/arm-linux-androideabi/4.9.x/../../../../arm-linux-androideabi/bin/ld" --sysroot=/Users/fenglang/Library/Android/sdk/ndk/21.1.6352462/toolchains/llvm/prebuilt/darwin-x86_64/sysroot -pie -z noexecstack -EL --warn-shared-textrel -z now -z relro -X --hash-style=both --enable-new-dtags --eh-frame-hdr -m armelf_linux_eabi -dynamic-linker /system/bin/linker -o cmTC_da490 /Users/fenglang/Library/Android/sdk/ndk/21.1.6352462/toolchains/llvm/prebuilt/darwin-x86_64/sysroot/usr/lib/arm-linux-androideabi/16/crtbegin_dynamic.o -L/Users/fenglang/Library/Android/sdk/ndk/21.1.6352462/toolchains/llvm/prebuilt/darwin-x86_64/lib64/clang/9.0.8/lib/linux/arm -L/Users/fenglang/Library/Android/sdk/ndk/21.1.6352462/toolchains/llvm/prebuilt/darwin-x86_64/lib/gcc/arm-linux-androideabi/4.9.x/armv7-a/thumb -L/Users/fenglang/Library/Android/sdk/ndk/21.1.6352462/toolchains/llvm/prebuilt/darwin-x86_64/lib/gcc/arm-linux-androideabi/4.9.x/../../../../arm-linux-androideabi/lib/../lib/armv7-a/thumb -L/Users/fenglang/Library/Android/sdk/ndk/21.1.6352462/toolchains/llvm/prebuilt/darwin-x86_64/sysroot/usr/lib/arm-linux-androideabi/16 -L/Users/fenglang/Library/Android/sdk/ndk/21.1.6352462/toolchains/llvm/prebuilt/darwin-x86_64/sysroot/usr/lib/arm-linux-androideabi -L/Users/fenglang/Library/Android/sdk/ndk/21.1.6352462/toolchains/llvm/prebuilt/darwin-x86_64/sysroot/usr/lib/../lib -L/Users/fenglang/Library/Android/sdk/ndk/21.1.6352462/toolchains/llvm/prebuilt/darwin-x86_64/sysroot/usr/lib/arm-linux-androideabi/../../lib -L/Users/fenglang/Library/Android/sdk/ndk/21.1.6352462/toolchains/llvm/prebuilt/darwin-x86_64/lib/gcc/arm-linux-androideabi/4.9.x/../../../../arm-linux-androideabi/lib/armv7-a/thumb -L/Users/fenglang/Library/Android/sdk/ndk/21.1.6352462/toolchains/llvm/prebuilt/darwin-x86_64/sysroot/usr/lib --exclude-libs libgcc.a --exclude-libs libgcc_real.a --exclude-libs libatomic.a --build-id --fatal-warnings --exclude-libs libunwind.a --no-undefined --gc-sections CMakeFiles/cmTC_da490.dir/CMakeCXXCompilerABI.cpp.o -Bstatic -lc++ -Bdynamic -lm -lgcc -ldl -lc -lgcc -ldl /Users/fenglang/Library/Android/sdk/ndk/21.1.6352462/toolchains/llvm/prebuilt/darwin-x86_64/sysroot/usr/lib/arm-linux-androideabi/16/crtend_android.o]
    arg [/Users/fenglang/Library/Android/sdk/ndk/21.1.6352462/toolchains/llvm/prebuilt/darwin-x86_64/lib/gcc/arm-linux-androideabi/4.9.x/../../../../arm-linux-androideabi/bin/ld] ==> ignore
    arg [--sysroot=/Users/fenglang/Library/Android/sdk/ndk/21.1.6352462/toolchains/llvm/prebuilt/darwin-x86_64/sysroot] ==> ignore
    arg [-pie] ==> ignore
    arg [-znoexecstack] ==> ignore
    arg [-EL] ==> ignore
    arg [--warn-shared-textrel] ==> ignore
    arg [-znow] ==> ignore
    arg [-zrelro] ==> ignore
    arg [-X] ==> ignore
    arg [--hash-style=both] ==> ignore
    arg [--enable-new-dtags] ==> ignore
    arg [--eh-frame-hdr] ==> ignore
    arg [-m] ==> ignore
    arg [armelf_linux_eabi] ==> ignore
    arg [-dynamic-linker] ==> ignore
    arg [/system/bin/linker] ==> ignore
    arg [-o] ==> ignore
    arg [cmTC_da490] ==> ignore
    arg [/Users/fenglang/Library/Android/sdk/ndk/21.1.6352462/toolchains/llvm/prebuilt/darwin-x86_64/sysroot/usr/lib/arm-linux-androideabi/16/crtbegin_dynamic.o] ==> ignore
    arg [-L/Users/fenglang/Library/Android/sdk/ndk/21.1.6352462/toolchains/llvm/prebuilt/darwin-x86_64/lib64/clang/9.0.8/lib/linux/arm] ==> dir [/Users/fenglang/Library/Android/sdk/ndk/21.1.6352462/toolchains/llvm/prebuilt/darwin-x86_64/lib64/clang/9.0.8/lib/linux/arm]
    arg [-L/Users/fenglang/Library/Android/sdk/ndk/21.1.6352462/toolchains/llvm/prebuilt/darwin-x86_64/lib/gcc/arm-linux-androideabi/4.9.x/armv7-a/thumb] ==> dir [/Users/fenglang/Library/Android/sdk/ndk/21.1.6352462/toolchains/llvm/prebuilt/darwin-x86_64/lib/gcc/arm-linux-androideabi/4.9.x/armv7-a/thumb]
    arg [-L/Users/fenglang/Library/Android/sdk/ndk/21.1.6352462/toolchains/llvm/prebuilt/darwin-x86_64/lib/gcc/arm-linux-androideabi/4.9.x/../../../../arm-linux-androideabi/lib/../lib/armv7-a/thumb] ==> dir [/Users/fenglang/Library/Android/sdk/ndk/21.1.6352462/toolchains/llvm/prebuilt/darwin-x86_64/lib/gcc/arm-linux-androideabi/4.9.x/../../../../arm-linux-androideabi/lib/../lib/armv7-a/thumb]
    arg [-L/Users/fenglang/Library/Android/sdk/ndk/21.1.6352462/toolchains/llvm/prebuilt/darwin-x86_64/sysroot/usr/lib/arm-linux-androideabi/16] ==> dir [/Users/fenglang/Library/Android/sdk/ndk/21.1.6352462/toolchains/llvm/prebuilt/darwin-x86_64/sysroot/usr/lib/arm-linux-androideabi/16]
    arg [-L/Users/fenglang/Library/Android/sdk/ndk/21.1.6352462/toolchains/llvm/prebuilt/darwin-x86_64/sysroot/usr/lib/arm-linux-androideabi] ==> dir [/Users/fenglang/Library/Android/sdk/ndk/21.1.6352462/toolchains/llvm/prebuilt/darwin-x86_64/sysroot/usr/lib/arm-linux-androideabi]
    arg [-L/Users/fenglang/Library/Android/sdk/ndk/21.1.6352462/toolchains/llvm/prebuilt/darwin-x86_64/sysroot/usr/lib/../lib] ==> dir [/Users/fenglang/Library/Android/sdk/ndk/21.1.6352462/toolchains/llvm/prebuilt/darwin-x86_64/sysroot/usr/lib/../lib]
    arg [-L/Users/fenglang/Library/Android/sdk/ndk/21.1.6352462/toolchains/llvm/prebuilt/darwin-x86_64/sysroot/usr/lib/arm-linux-androideabi/../../lib] ==> dir [/Users/fenglang/Library/Android/sdk/ndk/21.1.6352462/toolchains/llvm/prebuilt/darwin-x86_64/sysroot/usr/lib/arm-linux-androideabi/../../lib]
    arg [-L/Users/fenglang/Library/Android/sdk/ndk/21.1.6352462/toolchains/llvm/prebuilt/darwin-x86_64/lib/gcc/arm-linux-androideabi/4.9.x/../../../../arm-linux-androideabi/lib/armv7-a/thumb] ==> dir [/Users/fenglang/Library/Android/sdk/ndk/21.1.6352462/toolchains/llvm/prebuilt/darwin-x86_64/lib/gcc/arm-linux-androideabi/4.9.x/../../../../arm-linux-androideabi/lib/armv7-a/thumb]
    arg [-L/Users/fenglang/Library/Android/sdk/ndk/21.1.6352462/toolchains/llvm/prebuilt/darwin-x86_64/sysroot/usr/lib] ==> dir [/Users/fenglang/Library/Android/sdk/ndk/21.1.6352462/toolchains/llvm/prebuilt/darwin-x86_64/sysroot/usr/lib]
    arg [--exclude-libs] ==> ignore
    arg [libgcc.a] ==> ignore
    arg [--exclude-libs] ==> ignore
    arg [libgcc_real.a] ==> ignore
    arg [--exclude-libs] ==> ignore
    arg [libatomic.a] ==> ignore
    arg [--build-id] ==> ignore
    arg [--fatal-warnings] ==> ignore
    arg [--exclude-libs] ==> ignore
    arg [libunwind.a] ==> ignore
    arg [--no-undefined] ==> ignore
    arg [--gc-sections] ==> ignore
    arg [CMakeFiles/cmTC_da490.dir/CMakeCXXCompilerABI.cpp.o] ==> ignore
    arg [-Bstatic] ==> ignore
    arg [-lc++] ==> lib [c++]
    arg [-Bdynamic] ==> ignore
    arg [-lm] ==> lib [m]
    arg [-lgcc] ==> lib [gcc]
    arg [-ldl] ==> lib [dl]
    arg [-lc] ==> lib [c]
    arg [-lgcc] ==> lib [gcc]
    arg [-ldl] ==> lib [dl]
    arg [/Users/fenglang/Library/Android/sdk/ndk/21.1.6352462/toolchains/llvm/prebuilt/darwin-x86_64/sysroot/usr/lib/arm-linux-androideabi/16/crtend_android.o] ==> ignore
  collapse library dir [/Users/fenglang/Library/Android/sdk/ndk/21.1.6352462/toolchains/llvm/prebuilt/darwin-x86_64/lib64/clang/9.0.8/lib/linux/arm] ==> [/Users/fenglang/Library/Android/sdk/ndk/21.1.6352462/toolchains/llvm/prebuilt/darwin-x86_64/lib64/clang/9.0.8/lib/linux/arm]
  collapse library dir [/Users/fenglang/Library/Android/sdk/ndk/21.1.6352462/toolchains/llvm/prebuilt/darwin-x86_64/lib/gcc/arm-linux-androideabi/4.9.x/armv7-a/thumb] ==> [/Users/fenglang/Library/Android/sdk/ndk/21.1.6352462/toolchains/llvm/prebuilt/darwin-x86_64/lib/gcc/arm-linux-androideabi/4.9.x/armv7-a/thumb]
  collapse library dir [/Users/fenglang/Library/Android/sdk/ndk/21.1.6352462/toolchains/llvm/prebuilt/darwin-x86_64/lib/gcc/arm-linux-androideabi/4.9.x/../../../../arm-linux-androideabi/lib/../lib/armv7-a/thumb] ==> [/Users/fenglang/Library/Android/sdk/ndk/21.1.6352462/toolchains/llvm/prebuilt/darwin-x86_64/arm-linux-androideabi/lib/armv7-a/thumb]
  collapse library dir [/Users/fenglang/Library/Android/sdk/ndk/21.1.6352462/toolchains/llvm/prebuilt/darwin-x86_64/sysroot/usr/lib/arm-linux-androideabi/16] ==> [/Users/fenglang/Library/Android/sdk/ndk/21.1.6352462/toolchains/llvm/prebuilt/darwin-x86_64/sysroot/usr/lib/arm-linux-androideabi/16]
  collapse library dir [/Users/fenglang/Library/Android/sdk/ndk/21.1.6352462/toolchains/llvm/prebuilt/darwin-x86_64/sysroot/usr/lib/arm-linux-androideabi] ==> [/Users/fenglang/Library/Android/sdk/ndk/21.1.6352462/toolchains/llvm/prebuilt/darwin-x86_64/sysroot/usr/lib/arm-linux-androideabi]
  collapse library dir [/Users/fenglang/Library/Android/sdk/ndk/21.1.6352462/toolchains/llvm/prebuilt/darwin-x86_64/sysroot/usr/lib/../lib] ==> [/Users/fenglang/Library/Android/sdk/ndk/21.1.6352462/toolchains/llvm/prebuilt/darwin-x86_64/sysroot/usr/lib]
  collapse library dir [/Users/fenglang/Library/Android/sdk/ndk/21.1.6352462/toolchains/llvm/prebuilt/darwin-x86_64/sysroot/usr/lib/arm-linux-androideabi/../../lib] ==> [/Users/fenglang/Library/Android/sdk/ndk/21.1.6352462/toolchains/llvm/prebuilt/darwin-x86_64/sysroot/usr/lib]
  collapse library dir [/Users/fenglang/Library/Android/sdk/ndk/21.1.6352462/toolchains/llvm/prebuilt/darwin-x86_64/lib/gcc/arm-linux-androideabi/4.9.x/../../../../arm-linux-androideabi/lib/armv7-a/thumb] ==> [/Users/fenglang/Library/Android/sdk/ndk/21.1.6352462/toolchains/llvm/prebuilt/darwin-x86_64/arm-linux-androideabi/lib/armv7-a/thumb]
  collapse library dir [/Users/fenglang/Library/Android/sdk/ndk/21.1.6352462/toolchains/llvm/prebuilt/darwin-x86_64/sysroot/usr/lib] ==> [/Users/fenglang/Library/Android/sdk/ndk/21.1.6352462/toolchains/llvm/prebuilt/darwin-x86_64/sysroot/usr/lib]
  implicit libs: [c++;m;gcc;dl;c;gcc;dl]
  implicit dirs: [/Users/fenglang/Library/Android/sdk/ndk/21.1.6352462/toolchains/llvm/prebuilt/darwin-x86_64/lib64/clang/9.0.8/lib/linux/arm;/Users/fenglang/Library/Android/sdk/ndk/21.1.6352462/toolchains/llvm/prebuilt/darwin-x86_64/lib/gcc/arm-linux-androideabi/4.9.x/armv7-a/thumb;/Users/fenglang/Library/Android/sdk/ndk/21.1.6352462/toolchains/llvm/prebuilt/darwin-x86_64/arm-linux-androideabi/lib/armv7-a/thumb;/Users/fenglang/Library/Android/sdk/ndk/21.1.6352462/toolchains/llvm/prebuilt/darwin-x86_64/sysroot/usr/lib/arm-linux-androideabi/16;/Users/fenglang/Library/Android/sdk/ndk/21.1.6352462/toolchains/llvm/prebuilt/darwin-x86_64/sysroot/usr/lib/arm-linux-androideabi;/Users/fenglang/Library/Android/sdk/ndk/21.1.6352462/toolchains/llvm/prebuilt/darwin-x86_64/sysroot/usr/lib]
  implicit fwks: []




Detecting CXX [-std=c++1z] compiler features compiled with the following output:
Change Dir: /Users/fenglang/codes/aw/RawDataPluginSample/dcg/android/app/.cxx/cmake/release/armeabi-v7a/CMakeFiles/CMakeTmp

Run Build Command:"/Users/fenglang/Library/Android/sdk/cmake/3.10.2.4988404/bin/ninja" "cmTC_b9195"
[1/2] Building CXX object CMakeFiles/cmTC_b9195.dir/feature_tests.cxx.o
[2/2] Linking CXX executable cmTC_b9195


    Feature record: CXX_FEATURE:1cxx_aggregate_default_initializers
    Feature record: CXX_FEATURE:1cxx_alias_templates
    Feature record: CXX_FEATURE:1cxx_alignas
    Feature record: CXX_FEATURE:1cxx_alignof
    Feature record: CXX_FEATURE:1cxx_attributes
    Feature record: CXX_FEATURE:1cxx_attribute_deprecated
    Feature record: CXX_FEATURE:1cxx_auto_type
    Feature record: CXX_FEATURE:1cxx_binary_literals
    Feature record: CXX_FEATURE:1cxx_constexpr
    Feature record: CXX_FEATURE:1cxx_contextual_conversions
    Feature record: CXX_FEATURE:1cxx_decltype
    Feature record: CXX_FEATURE:1cxx_decltype_auto
    Feature record: CXX_FEATURE:1cxx_decltype_incomplete_return_types
    Feature record: CXX_FEATURE:1cxx_default_function_template_args
    Feature record: CXX_FEATURE:1cxx_defaulted_functions
    Feature record: CXX_FEATURE:1cxx_defaulted_move_initializers
    Feature record: CXX_FEATURE:1cxx_delegating_constructors
    Feature record: CXX_FEATURE:1cxx_deleted_functions
    Feature record: CXX_FEATURE:1cxx_digit_separators
    Feature record: CXX_FEATURE:1cxx_enum_forward_declarations
    Feature record: CXX_FEATURE:1cxx_explicit_conversions
    Feature record: CXX_FEATURE:1cxx_extended_friend_declarations
    Feature record: CXX_FEATURE:1cxx_extern_templates
    Feature record: CXX_FEATURE:1cxx_final
    Feature record: CXX_FEATURE:1cxx_func_identifier
    Feature record: CXX_FEATURE:1cxx_generalized_initializers
    Feature record: CXX_FEATURE:1cxx_generic_lambdas
    Feature record: CXX_FEATURE:1cxx_inheriting_constructors
    Feature record: CXX_FEATURE:1cxx_inline_namespaces
    Feature record: CXX_FEATURE:1cxx_lambdas
    Feature record: CXX_FEATURE:1cxx_lambda_init_captures
    Feature record: CXX_FEATURE:1cxx_local_type_template_args
    Feature record: CXX_FEATURE:1cxx_long_long_type
    Feature record: CXX_FEATURE:1cxx_noexcept
    Feature record: CXX_FEATURE:1cxx_nonstatic_member_init
    Feature record: CXX_FEATURE:1cxx_nullptr
    Feature record: CXX_FEATURE:1cxx_override
    Feature record: CXX_FEATURE:1cxx_range_for
    Feature record: CXX_FEATURE:1cxx_raw_string_literals
    Feature record: CXX_FEATURE:1cxx_reference_qualified_functions
    Feature record: CXX_FEATURE:1cxx_relaxed_constexpr
    Feature record: CXX_FEATURE:1cxx_return_type_deduction
    Feature record: CXX_FEATURE:1cxx_right_angle_brackets
    Feature record: CXX_FEATURE:1cxx_rvalue_references
    Feature record: CXX_FEATURE:1cxx_sizeof_member
    Feature record: CXX_FEATURE:1cxx_static_assert
    Feature record: CXX_FEATURE:1cxx_strong_enums
    Feature record: CXX_FEATURE:1cxx_template_template_parameters
    Feature record: CXX_FEATURE:1cxx_thread_local
    Feature record: CXX_FEATURE:1cxx_trailing_return_types
    Feature record: CXX_FEATURE:1cxx_unicode_literals
    Feature record: CXX_FEATURE:1cxx_uniform_initialization
    Feature record: CXX_FEATURE:1cxx_unrestricted_unions
    Feature record: CXX_FEATURE:1cxx_user_literals
    Feature record: CXX_FEATURE:1cxx_variable_templates
    Feature record: CXX_FEATURE:1cxx_variadic_macros
    Feature record: CXX_FEATURE:1cxx_variadic_templates


Detecting CXX [-std=c++14] compiler features compiled with the following output:
Change Dir: /Users/fenglang/codes/aw/RawDataPluginSample/dcg/android/app/.cxx/cmake/release/armeabi-v7a/CMakeFiles/CMakeTmp

Run Build Command:"/Users/fenglang/Library/Android/sdk/cmake/3.10.2.4988404/bin/ninja" "cmTC_51e06"
[1/2] Building CXX object CMakeFiles/cmTC_51e06.dir/feature_tests.cxx.o
[2/2] Linking CXX executable cmTC_51e06


    Feature record: CXX_FEATURE:1cxx_aggregate_default_initializers
    Feature record: CXX_FEATURE:1cxx_alias_templates
    Feature record: CXX_FEATURE:1cxx_alignas
    Feature record: CXX_FEATURE:1cxx_alignof
    Feature record: CXX_FEATURE:1cxx_attributes
    Feature record: CXX_FEATURE:1cxx_attribute_deprecated
    Feature record: CXX_FEATURE:1cxx_auto_type
    Feature record: CXX_FEATURE:1cxx_binary_literals
    Feature record: CXX_FEATURE:1cxx_constexpr
    Feature record: CXX_FEATURE:1cxx_contextual_conversions
    Feature record: CXX_FEATURE:1cxx_decltype
    Feature record: CXX_FEATURE:1cxx_decltype_auto
    Feature record: CXX_FEATURE:1cxx_decltype_incomplete_return_types
    Feature record: CXX_FEATURE:1cxx_default_function_template_args
    Feature record: CXX_FEATURE:1cxx_defaulted_functions
    Feature record: CXX_FEATURE:1cxx_defaulted_move_initializers
    Feature record: CXX_FEATURE:1cxx_delegating_constructors
    Feature record: CXX_FEATURE:1cxx_deleted_functions
    Feature record: CXX_FEATURE:1cxx_digit_separators
    Feature record: CXX_FEATURE:1cxx_enum_forward_declarations
    Feature record: CXX_FEATURE:1cxx_explicit_conversions
    Feature record: CXX_FEATURE:1cxx_extended_friend_declarations
    Feature record: CXX_FEATURE:1cxx_extern_templates
    Feature record: CXX_FEATURE:1cxx_final
    Feature record: CXX_FEATURE:1cxx_func_identifier
    Feature record: CXX_FEATURE:1cxx_generalized_initializers
    Feature record: CXX_FEATURE:1cxx_generic_lambdas
    Feature record: CXX_FEATURE:1cxx_inheriting_constructors
    Feature record: CXX_FEATURE:1cxx_inline_namespaces
    Feature record: CXX_FEATURE:1cxx_lambdas
    Feature record: CXX_FEATURE:1cxx_lambda_init_captures
    Feature record: CXX_FEATURE:1cxx_local_type_template_args
    Feature record: CXX_FEATURE:1cxx_long_long_type
    Feature record: CXX_FEATURE:1cxx_noexcept
    Feature record: CXX_FEATURE:1cxx_nonstatic_member_init
    Feature record: CXX_FEATURE:1cxx_nullptr
    Feature record: CXX_FEATURE:1cxx_override
    Feature record: CXX_FEATURE:1cxx_range_for
    Feature record: CXX_FEATURE:1cxx_raw_string_literals
    Feature record: CXX_FEATURE:1cxx_reference_qualified_functions
    Feature record: CXX_FEATURE:1cxx_relaxed_constexpr
    Feature record: CXX_FEATURE:1cxx_return_type_deduction
    Feature record: CXX_FEATURE:1cxx_right_angle_brackets
    Feature record: CXX_FEATURE:1cxx_rvalue_references
    Feature record: CXX_FEATURE:1cxx_sizeof_member
    Feature record: CXX_FEATURE:1cxx_static_assert
    Feature record: CXX_FEATURE:1cxx_strong_enums
    Feature record: CXX_FEATURE:1cxx_template_template_parameters
    Feature record: CXX_FEATURE:1cxx_thread_local
    Feature record: CXX_FEATURE:1cxx_trailing_return_types
    Feature record: CXX_FEATURE:1cxx_unicode_literals
    Feature record: CXX_FEATURE:1cxx_uniform_initialization
    Feature record: CXX_FEATURE:1cxx_unrestricted_unions
    Feature record: CXX_FEATURE:1cxx_user_literals
    Feature record: CXX_FEATURE:1cxx_variable_templates
    Feature record: CXX_FEATURE:1cxx_variadic_macros
    Feature record: CXX_FEATURE:1cxx_variadic_templates


Detecting CXX [-std=c++11] compiler features compiled with the following output:
Change Dir: /Users/fenglang/codes/aw/RawDataPluginSample/dcg/android/app/.cxx/cmake/release/armeabi-v7a/CMakeFiles/CMakeTmp

Run Build Command:"/Users/fenglang/Library/Android/sdk/cmake/3.10.2.4988404/bin/ninja" "cmTC_f80ec"
[1/2] Building CXX object CMakeFiles/cmTC_f80ec.dir/feature_tests.cxx.o
[2/2] Linking CXX executable cmTC_f80ec


    Feature record: CXX_FEATURE:1cxx_aggregate_default_initializers
    Feature record: CXX_FEATURE:1cxx_alias_templates
    Feature record: CXX_FEATURE:1cxx_alignas
    Feature record: CXX_FEATURE:1cxx_alignof
    Feature record: CXX_FEATURE:1cxx_attributes
    Feature record: CXX_FEATURE:1cxx_attribute_deprecated
    Feature record: CXX_FEATURE:1cxx_auto_type
    Feature record: CXX_FEATURE:1cxx_binary_literals
    Feature record: CXX_FEATURE:1cxx_constexpr
    Feature record: CXX_FEATURE:1cxx_contextual_conversions
    Feature record: CXX_FEATURE:1cxx_decltype
    Feature record: CXX_FEATURE:1cxx_decltype_auto
    Feature record: CXX_FEATURE:1cxx_decltype_incomplete_return_types
    Feature record: CXX_FEATURE:1cxx_default_function_template_args
    Feature record: CXX_FEATURE:1cxx_defaulted_functions
    Feature record: CXX_FEATURE:1cxx_defaulted_move_initializers
    Feature record: CXX_FEATURE:1cxx_delegating_constructors
    Feature record: CXX_FEATURE:1cxx_deleted_functions
    Feature record: CXX_FEATURE:1cxx_digit_separators
    Feature record: CXX_FEATURE:1cxx_enum_forward_declarations
    Feature record: CXX_FEATURE:1cxx_explicit_conversions
    Feature record: CXX_FEATURE:1cxx_extended_friend_declarations
    Feature record: CXX_FEATURE:1cxx_extern_templates
    Feature record: CXX_FEATURE:1cxx_final
    Feature record: CXX_FEATURE:1cxx_func_identifier
    Feature record: CXX_FEATURE:1cxx_generalized_initializers
    Feature record: CXX_FEATURE:1cxx_generic_lambdas
    Feature record: CXX_FEATURE:1cxx_inheriting_constructors
    Feature record: CXX_FEATURE:1cxx_inline_namespaces
    Feature record: CXX_FEATURE:1cxx_lambdas
    Feature record: CXX_FEATURE:1cxx_lambda_init_captures
    Feature record: CXX_FEATURE:1cxx_local_type_template_args
    Feature record: CXX_FEATURE:1cxx_long_long_type
    Feature record: CXX_FEATURE:1cxx_noexcept
    Feature record: CXX_FEATURE:1cxx_nonstatic_member_init
    Feature record: CXX_FEATURE:1cxx_nullptr
    Feature record: CXX_FEATURE:1cxx_override
    Feature record: CXX_FEATURE:1cxx_range_for
    Feature record: CXX_FEATURE:1cxx_raw_string_literals
    Feature record: CXX_FEATURE:1cxx_reference_qualified_functions
    Feature record: CXX_FEATURE:1cxx_relaxed_constexpr
    Feature record: CXX_FEATURE:1cxx_return_type_deduction
    Feature record: CXX_FEATURE:1cxx_right_angle_brackets
    Feature record: CXX_FEATURE:1cxx_rvalue_references
    Feature record: CXX_FEATURE:1cxx_sizeof_member
    Feature record: CXX_FEATURE:1cxx_static_assert
    Feature record: CXX_FEATURE:1cxx_strong_enums
    Feature record: CXX_FEATURE:1cxx_template_template_parameters
    Feature record: CXX_FEATURE:1cxx_thread_local
    Feature record: CXX_FEATURE:1cxx_trailing_return_types
    Feature record: CXX_FEATURE:1cxx_unicode_literals
    Feature record: CXX_FEATURE:1cxx_uniform_initialization
    Feature record: CXX_FEATURE:1cxx_unrestricted_unions
    Feature record: CXX_FEATURE:1cxx_user_literals
    Feature record: CXX_FEATURE:1cxx_variable_templates
    Feature record: CXX_FEATURE:1cxx_variadic_macros
    Feature record: CXX_FEATURE:1cxx_variadic_templates


Detecting CXX [-std=c++98] compiler features compiled with the following output:
Change Dir: /Users/fenglang/codes/aw/RawDataPluginSample/dcg/android/app/.cxx/cmake/release/armeabi-v7a/CMakeFiles/CMakeTmp

Run Build Command:"/Users/fenglang/Library/Android/sdk/cmake/3.10.2.4988404/bin/ninja" "cmTC_c2c1f"
[1/2] Building CXX object CMakeFiles/cmTC_c2c1f.dir/feature_tests.cxx.o
[2/2] Linking CXX executable cmTC_c2c1f


    Feature record: CXX_FEATURE:1cxx_aggregate_default_initializers
    Feature record: CXX_FEATURE:1cxx_alias_templates
    Feature record: CXX_FEATURE:1cxx_alignas
    Feature record: CXX_FEATURE:1cxx_alignof
    Feature record: CXX_FEATURE:1cxx_attributes
    Feature record: CXX_FEATURE:1cxx_attribute_deprecated
    Feature record: CXX_FEATURE:1cxx_auto_type
    Feature record: CXX_FEATURE:1cxx_binary_literals
    Feature record: CXX_FEATURE:1cxx_constexpr
    Feature record: CXX_FEATURE:1cxx_contextual_conversions
    Feature record: CXX_FEATURE:1cxx_decltype
    Feature record: CXX_FEATURE:1cxx_decltype_auto
    Feature record: CXX_FEATURE:1cxx_decltype_incomplete_return_types
    Feature record: CXX_FEATURE:1cxx_default_function_template_args
    Feature record: CXX_FEATURE:1cxx_defaulted_functions
    Feature record: CXX_FEATURE:1cxx_defaulted_move_initializers
    Feature record: CXX_FEATURE:1cxx_delegating_constructors
    Feature record: CXX_FEATURE:1cxx_deleted_functions
    Feature record: CXX_FEATURE:1cxx_digit_separators
    Feature record: CXX_FEATURE:1cxx_enum_forward_declarations
    Feature record: CXX_FEATURE:1cxx_explicit_conversions
    Feature record: CXX_FEATURE:1cxx_extended_friend_declarations
    Feature record: CXX_FEATURE:1cxx_extern_templates
    Feature record: CXX_FEATURE:1cxx_final
    Feature record: CXX_FEATURE:1cxx_func_identifier
    Feature record: CXX_FEATURE:1cxx_generalized_initializers
    Feature record: CXX_FEATURE:1cxx_generic_lambdas
    Feature record: CXX_FEATURE:1cxx_inheriting_constructors
    Feature record: CXX_FEATURE:1cxx_inline_namespaces
    Feature record: CXX_FEATURE:1cxx_lambdas
    Feature record: CXX_FEATURE:1cxx_lambda_init_captures
    Feature record: CXX_FEATURE:1cxx_local_type_template_args
    Feature record: CXX_FEATURE:1cxx_long_long_type
    Feature record: CXX_FEATURE:1cxx_noexcept
    Feature record: CXX_FEATURE:1cxx_nonstatic_member_init
    Feature record: CXX_FEATURE:1cxx_nullptr
    Feature record: CXX_FEATURE:1cxx_override
    Feature record: CXX_FEATURE:1cxx_range_for
    Feature record: CXX_FEATURE:1cxx_raw_string_literals
    Feature record: CXX_FEATURE:1cxx_reference_qualified_functions
    Feature record: CXX_FEATURE:1cxx_relaxed_constexpr
    Feature record: CXX_FEATURE:1cxx_return_type_deduction
    Feature record: CXX_FEATURE:1cxx_right_angle_brackets
    Feature record: CXX_FEATURE:1cxx_rvalue_references
    Feature record: CXX_FEATURE:1cxx_sizeof_member
    Feature record: CXX_FEATURE:1cxx_static_assert
    Feature record: CXX_FEATURE:1cxx_strong_enums
    Feature record: CXX_FEATURE:1cxx_template_template_parameters
    Feature record: CXX_FEATURE:1cxx_thread_local
    Feature record: CXX_FEATURE:1cxx_trailing_return_types
    Feature record: CXX_FEATURE:1cxx_unicode_literals
    Feature record: CXX_FEATURE:1cxx_uniform_initialization
    Feature record: CXX_FEATURE:1cxx_unrestricted_unions
    Feature record: CXX_FEATURE:1cxx_user_literals
    Feature record: CXX_FEATURE:1cxx_variable_templates
    Feature record: CXX_FEATURE:1cxx_variadic_macros
    Feature record: CXX_FEATURE:1cxx_variadic_templates
Determining if the include file pthread.h exists passed with the following output:
Change Dir: /Users/fenglang/codes/aw/RawDataPluginSample/dcg/android/app/.cxx/cmake/release/armeabi-v7a/CMakeFiles/CMakeTmp

Run Build Command:"/Users/fenglang/Library/Android/sdk/cmake/3.10.2.4988404/bin/ninja" "cmTC_6c2a3"
[1/2] Building C object CMakeFiles/cmTC_6c2a3.dir/CheckIncludeFile.c.o
[2/2] Linking C executable cmTC_6c2a3


Determining if the pthread_create exist passed with the following output:
Change Dir: /Users/fenglang/codes/aw/RawDataPluginSample/dcg/android/app/.cxx/cmake/release/armeabi-v7a/CMakeFiles/CMakeTmp

Run Build Command:"/Users/fenglang/Library/Android/sdk/cmake/3.10.2.4988404/bin/ninja" "cmTC_d1831"
[1/2] Building C object CMakeFiles/cmTC_d1831.dir/CheckSymbolExists.c.o
[2/2] Linking C executable cmTC_d1831

File /Users/fenglang/codes/aw/RawDataPluginSample/dcg/android/app/.cxx/cmake/release/armeabi-v7a/CMakeFiles/CMakeTmp/CheckSymbolExists.c:
/* */
#include <pthread.h>

int main(int argc, char** argv)
{
  (void)argv;
#ifndef pthread_create
  return ((int*)(&pthread_create))[argc];
#else
  (void)argc;
  return 0;
#endif
}

